2024-02-19 19:31:05,740	[INFO]	(client.py:162)_bot_login	[botpy] 登录机器人账号中...
2024-02-19 19:31:07,053	[INFO]	(robot.py:65)update_access_token	[botpy] access_token expires_in 4262
2024-02-19 19:31:07,345	[ERROR]	(http.py:76)_handle_response	[botpy] 接口请求异常，请求连接: https://api.sgroup.qq.com/users/@me, 错误代码: 401, 返回内容: {'message': '接口访问源IP不在白名单', 'code': 11298, 'err_code': 40023002, 'trace_id': 'c84d3861c16fe223b3a597cb37b85426'}, trace_id:c84d3861c16fe223b3a597cb37b85426
2024-02-19 19:34:07,531	[INFO]	(client.py:162)_bot_login	[botpy] 登录机器人账号中...
2024-02-19 19:34:08,075	[INFO]	(robot.py:65)update_access_token	[botpy] access_token expires_in 4081
2024-02-19 19:34:08,709	[INFO]	(client.py:181)_bot_init	[botpy] 程序启动...
2024-02-19 19:34:08,709	[INFO]	(connection.py:60)multi_run	[botpy] 最大并发连接数: 1, 启动会话数: 1
2024-02-19 19:34:08,709	[INFO]	(client.py:242)bot_connect	[botpy] 会话启动中...
2024-02-19 19:34:08,709	[INFO]	(gateway.py:115)ws_connect	[botpy] 启动中...
2024-02-19 19:34:09,021	[INFO]	(gateway.py:142)ws_identify	[botpy] 鉴权中...
2024-02-19 19:34:09,125	[INFO]	(gateway.py:85)on_message	[botpy] 机器人「Firefly-测试中」启动成功！
2024-02-19 19:34:09,125	[INFO]	(gateway.py:223)_send_heart	[botpy] 心跳维持启动...
2024-02-19 19:35:12,378	[INFO]	(client.py:162)_bot_login	[botpy] 登录机器人账号中...
2024-02-19 19:35:12,662	[INFO]	(robot.py:65)update_access_token	[botpy] access_token expires_in 4016
2024-02-19 19:35:13,247	[INFO]	(client.py:181)_bot_init	[botpy] 程序启动...
2024-02-19 19:35:13,247	[INFO]	(connection.py:60)multi_run	[botpy] 最大并发连接数: 1, 启动会话数: 1
2024-02-19 19:35:13,247	[INFO]	(client.py:242)bot_connect	[botpy] 会话启动中...
2024-02-19 19:35:13,247	[INFO]	(gateway.py:115)ws_connect	[botpy] 启动中...
2024-02-19 19:35:13,398	[INFO]	(gateway.py:142)ws_identify	[botpy] 鉴权中...
2024-02-19 19:35:13,481	[INFO]	(gateway.py:85)on_message	[botpy] 机器人「Firefly-测试中」启动成功！
2024-02-19 19:35:13,481	[INFO]	(gateway.py:223)_send_heart	[botpy] 心跳维持启动...
2024-02-19 19:48:19,101	[INFO]	(client.py:162)_bot_login	[botpy] 登录机器人账号中...
2024-02-19 19:48:20,363	[INFO]	(robot.py:65)update_access_token	[botpy] access_token expires_in 3229
2024-02-19 19:48:21,054	[INFO]	(client.py:181)_bot_init	[botpy] 程序启动...
2024-02-19 19:48:21,054	[INFO]	(connection.py:60)multi_run	[botpy] 最大并发连接数: 1, 启动会话数: 1
2024-02-19 19:48:21,054	[INFO]	(client.py:242)bot_connect	[botpy] 会话启动中...
2024-02-19 19:48:21,054	[INFO]	(gateway.py:115)ws_connect	[botpy] 启动中...
2024-02-19 19:48:21,207	[INFO]	(gateway.py:142)ws_identify	[botpy] 鉴权中...
2024-02-19 19:48:21,300	[INFO]	(gateway.py:85)on_message	[botpy] 机器人「Firefly-测试中」启动成功！
2024-02-19 19:48:21,300	[INFO]	(gateway.py:223)_send_heart	[botpy] 心跳维持启动...
2024-02-19 19:58:41,404	[INFO]	(client.py:162)_bot_login	[botpy] 登录机器人账号中...
2024-02-19 19:58:42,647	[INFO]	(robot.py:65)update_access_token	[botpy] access_token expires_in 2606
2024-02-19 19:58:43,212	[INFO]	(client.py:181)_bot_init	[botpy] 程序启动...
2024-02-19 19:58:43,212	[INFO]	(connection.py:60)multi_run	[botpy] 最大并发连接数: 1, 启动会话数: 1
2024-02-19 19:58:43,212	[INFO]	(client.py:242)bot_connect	[botpy] 会话启动中...
2024-02-19 19:58:43,212	[INFO]	(gateway.py:115)ws_connect	[botpy] 启动中...
2024-02-19 19:58:43,361	[INFO]	(gateway.py:142)ws_identify	[botpy] 鉴权中...
2024-02-19 19:58:43,476	[INFO]	(gateway.py:85)on_message	[botpy] 机器人「Firefly-测试中」启动成功！
2024-02-19 19:58:43,476	[INFO]	(gateway.py:223)_send_heart	[botpy] 心跳维持启动...
2024-02-19 19:59:26,215	[INFO]	(client.py:162)_bot_login	[botpy] 登录机器人账号中...
2024-02-19 19:59:26,466	[INFO]	(robot.py:65)update_access_token	[botpy] access_token expires_in 2563
2024-02-19 19:59:27,092	[INFO]	(client.py:181)_bot_init	[botpy] 程序启动...
2024-02-19 19:59:27,092	[INFO]	(connection.py:60)multi_run	[botpy] 最大并发连接数: 1, 启动会话数: 1
2024-02-19 19:59:27,092	[INFO]	(client.py:242)bot_connect	[botpy] 会话启动中...
2024-02-19 19:59:27,092	[INFO]	(gateway.py:115)ws_connect	[botpy] 启动中...
2024-02-19 19:59:27,245	[INFO]	(gateway.py:142)ws_identify	[botpy] 鉴权中...
2024-02-19 19:59:27,332	[INFO]	(gateway.py:85)on_message	[botpy] 机器人「Firefly-测试中」启动成功！
2024-02-19 19:59:27,332	[INFO]	(gateway.py:223)_send_heart	[botpy] 心跳维持启动...
2024-02-19 20:00:25,192	[INFO]	(client.py:162)_bot_login	[botpy] 登录机器人账号中...
2024-02-19 20:00:25,418	[INFO]	(robot.py:65)update_access_token	[botpy] access_token expires_in 2504
2024-02-19 20:00:25,964	[INFO]	(client.py:181)_bot_init	[botpy] 程序启动...
2024-02-19 20:00:25,964	[INFO]	(connection.py:60)multi_run	[botpy] 最大并发连接数: 1, 启动会话数: 1
2024-02-19 20:00:25,964	[INFO]	(client.py:242)bot_connect	[botpy] 会话启动中...
2024-02-19 20:00:25,964	[INFO]	(gateway.py:115)ws_connect	[botpy] 启动中...
2024-02-19 20:00:26,107	[INFO]	(gateway.py:142)ws_identify	[botpy] 鉴权中...
2024-02-19 20:00:26,199	[INFO]	(gateway.py:85)on_message	[botpy] 机器人「Firefly-测试中」启动成功！
2024-02-19 20:00:26,199	[INFO]	(gateway.py:223)_send_heart	[botpy] 心跳维持启动...
2024-02-19 20:02:53,408	[INFO]	(client.py:162)_bot_login	[botpy] 登录机器人账号中...
2024-02-19 20:02:54,656	[INFO]	(robot.py:65)update_access_token	[botpy] access_token expires_in 2354
2024-02-19 20:02:55,227	[INFO]	(client.py:181)_bot_init	[botpy] 程序启动...
2024-02-19 20:02:55,228	[INFO]	(connection.py:60)multi_run	[botpy] 最大并发连接数: 1, 启动会话数: 1
2024-02-19 20:02:55,228	[INFO]	(client.py:242)bot_connect	[botpy] 会话启动中...
2024-02-19 20:02:55,228	[INFO]	(gateway.py:115)ws_connect	[botpy] 启动中...
2024-02-19 20:02:55,399	[INFO]	(gateway.py:142)ws_identify	[botpy] 鉴权中...
2024-02-19 20:02:55,489	[INFO]	(gateway.py:85)on_message	[botpy] 机器人「Firefly-测试中」启动成功！
2024-02-19 20:02:55,489	[INFO]	(gateway.py:223)_send_heart	[botpy] 心跳维持启动...
2024-02-19 20:03:16,038	[INFO]	(client.py:162)_bot_login	[botpy] 登录机器人账号中...
2024-02-19 20:03:17,280	[INFO]	(robot.py:65)update_access_token	[botpy] access_token expires_in 2332
2024-02-19 20:03:17,860	[INFO]	(client.py:181)_bot_init	[botpy] 程序启动...
2024-02-19 20:03:17,860	[INFO]	(connection.py:60)multi_run	[botpy] 最大并发连接数: 1, 启动会话数: 1
2024-02-19 20:03:17,860	[INFO]	(client.py:242)bot_connect	[botpy] 会话启动中...
2024-02-19 20:03:17,860	[INFO]	(gateway.py:115)ws_connect	[botpy] 启动中...
2024-02-19 20:03:18,000	[INFO]	(gateway.py:142)ws_identify	[botpy] 鉴权中...
2024-02-19 20:03:18,086	[INFO]	(gateway.py:85)on_message	[botpy] 机器人「Firefly-测试中」启动成功！
2024-02-19 20:03:18,086	[INFO]	(gateway.py:223)_send_heart	[botpy] 心跳维持启动...
2024-02-19 20:09:02,855	[INFO]	(client.py:162)_bot_login	[botpy] 登录机器人账号中...
2024-02-19 20:09:04,091	[INFO]	(robot.py:65)update_access_token	[botpy] access_token expires_in 1985
2024-02-19 20:09:04,660	[INFO]	(client.py:181)_bot_init	[botpy] 程序启动...
2024-02-19 20:09:04,660	[INFO]	(connection.py:60)multi_run	[botpy] 最大并发连接数: 1, 启动会话数: 1
2024-02-19 20:09:04,660	[INFO]	(client.py:242)bot_connect	[botpy] 会话启动中...
2024-02-19 20:09:04,660	[INFO]	(gateway.py:115)ws_connect	[botpy] 启动中...
2024-02-19 20:09:04,810	[INFO]	(gateway.py:142)ws_identify	[botpy] 鉴权中...
2024-02-19 20:09:04,906	[INFO]	(gateway.py:85)on_message	[botpy] 机器人「Firefly-测试中」启动成功！
2024-02-19 20:09:04,906	[INFO]	(gateway.py:223)_send_heart	[botpy] 心跳维持启动...
2024-02-19 20:22:27,054	[INFO]	(client.py:162)_bot_login	[botpy] 登录机器人账号中...
2024-02-19 20:22:28,315	[INFO]	(robot.py:65)update_access_token	[botpy] access_token expires_in 1181
2024-02-19 20:22:28,876	[INFO]	(client.py:181)_bot_init	[botpy] 程序启动...
2024-02-19 20:22:28,876	[INFO]	(connection.py:60)multi_run	[botpy] 最大并发连接数: 1, 启动会话数: 1
2024-02-19 20:22:28,876	[INFO]	(client.py:242)bot_connect	[botpy] 会话启动中...
2024-02-19 20:22:28,876	[INFO]	(gateway.py:115)ws_connect	[botpy] 启动中...
2024-02-19 20:22:29,028	[INFO]	(gateway.py:142)ws_identify	[botpy] 鉴权中...
2024-02-19 20:22:29,136	[INFO]	(gateway.py:85)on_message	[botpy] 机器人「Firefly-测试中」启动成功！
2024-02-19 20:22:29,136	[INFO]	(gateway.py:223)_send_heart	[botpy] 心跳维持启动...
2024-02-19 20:22:48,424	[INFO]	(client.py:162)_bot_login	[botpy] 登录机器人账号中...
2024-02-19 20:22:48,690	[INFO]	(robot.py:65)update_access_token	[botpy] access_token expires_in 1160
2024-02-19 20:22:49,451	[INFO]	(client.py:181)_bot_init	[botpy] 程序启动...
2024-02-19 20:22:49,451	[INFO]	(connection.py:60)multi_run	[botpy] 最大并发连接数: 1, 启动会话数: 1
2024-02-19 20:22:49,451	[INFO]	(client.py:242)bot_connect	[botpy] 会话启动中...
2024-02-19 20:22:49,451	[INFO]	(gateway.py:115)ws_connect	[botpy] 启动中...
2024-02-19 20:22:49,604	[INFO]	(gateway.py:142)ws_identify	[botpy] 鉴权中...
2024-02-19 20:22:49,681	[INFO]	(gateway.py:85)on_message	[botpy] 机器人「Firefly-测试中」启动成功！
2024-02-19 20:22:49,681	[INFO]	(gateway.py:223)_send_heart	[botpy] 心跳维持启动...
2024-02-19 22:48:47,234	[INFO]	(client.py:162)_bot_login	[botpy] 登录机器人账号中...
2024-02-19 22:48:49,113	[INFO]	(robot.py:65)update_access_token	[botpy] access_token expires_in 6786
2024-02-19 22:48:49,676	[INFO]	(client.py:181)_bot_init	[botpy] 程序启动...
2024-02-19 22:48:49,676	[INFO]	(connection.py:60)multi_run	[botpy] 最大并发连接数: 1, 启动会话数: 1
2024-02-19 22:48:49,676	[INFO]	(client.py:242)bot_connect	[botpy] 会话启动中...
2024-02-19 22:48:49,676	[INFO]	(gateway.py:115)ws_connect	[botpy] 启动中...
2024-02-19 22:48:49,833	[INFO]	(gateway.py:142)ws_identify	[botpy] 鉴权中...
2024-02-19 22:48:49,934	[INFO]	(gateway.py:85)on_message	[botpy] 机器人「Firefly-测试中」启动成功！
2024-02-19 22:48:49,935	[INFO]	(gateway.py:223)_send_heart	[botpy] 心跳维持启动...
2024-02-19 22:49:18,508	[INFO]	(client.py:162)_bot_login	[botpy] 登录机器人账号中...
2024-02-19 22:49:18,741	[INFO]	(robot.py:65)update_access_token	[botpy] access_token expires_in 6757
2024-02-19 22:49:19,356	[INFO]	(client.py:181)_bot_init	[botpy] 程序启动...
2024-02-19 22:49:19,356	[INFO]	(connection.py:60)multi_run	[botpy] 最大并发连接数: 1, 启动会话数: 1
2024-02-19 22:49:19,356	[INFO]	(client.py:242)bot_connect	[botpy] 会话启动中...
2024-02-19 22:49:19,356	[INFO]	(gateway.py:115)ws_connect	[botpy] 启动中...
2024-02-19 22:49:19,625	[INFO]	(gateway.py:142)ws_identify	[botpy] 鉴权中...
2024-02-19 22:49:19,704	[INFO]	(gateway.py:85)on_message	[botpy] 机器人「Firefly-测试中」启动成功！
2024-02-19 22:49:19,705	[INFO]	(gateway.py:223)_send_heart	[botpy] 心跳维持启动...
2024-02-19 22:49:24,394	[ERROR]	(http.py:76)_handle_response	[botpy] 接口请求异常，请求连接: https://api.sgroup.qq.com/channels/639520734/messages, 错误代码: 500, 返回内容: {'message': '请求数据异常', 'code': 40011000, 'err_code': 40011000, 'trace_id': 'b737317c005a525488b314e22193d9f8'}, trace_id:b737317c005a525488b314e22193d9f8
2024-02-19 22:50:38,437	[INFO]	(client.py:162)_bot_login	[botpy] 登录机器人账号中...
2024-02-19 22:50:38,672	[INFO]	(robot.py:65)update_access_token	[botpy] access_token expires_in 6677
2024-02-19 22:50:39,264	[INFO]	(client.py:181)_bot_init	[botpy] 程序启动...
2024-02-19 22:50:39,264	[INFO]	(connection.py:60)multi_run	[botpy] 最大并发连接数: 1, 启动会话数: 1
2024-02-19 22:50:39,264	[INFO]	(client.py:242)bot_connect	[botpy] 会话启动中...
2024-02-19 22:50:39,265	[INFO]	(gateway.py:115)ws_connect	[botpy] 启动中...
2024-02-19 22:50:39,419	[INFO]	(gateway.py:142)ws_identify	[botpy] 鉴权中...
2024-02-19 22:50:39,500	[INFO]	(gateway.py:85)on_message	[botpy] 机器人「Firefly-测试中」启动成功！
2024-02-19 22:50:39,500	[INFO]	(gateway.py:223)_send_heart	[botpy] 心跳维持启动...
2024-02-19 22:50:46,247	[ERROR]	(http.py:76)_handle_response	[botpy] 接口请求异常，请求连接: https://api.sgroup.qq.com/channels/639520734/messages, 错误代码: 400, 返回内容: {'code': 50006, 'message': 'empty msg'}, trace_id:f0ede213eecd1b85bff2cc4410f42b39
2024-02-19 22:51:02,186	[INFO]	(client.py:162)_bot_login	[botpy] 登录机器人账号中...
2024-02-19 22:51:03,345	[INFO]	(robot.py:65)update_access_token	[botpy] access_token expires_in 6652
2024-02-19 22:51:03,892	[INFO]	(client.py:181)_bot_init	[botpy] 程序启动...
2024-02-19 22:51:03,892	[INFO]	(connection.py:60)multi_run	[botpy] 最大并发连接数: 1, 启动会话数: 1
2024-02-19 22:51:03,892	[INFO]	(client.py:242)bot_connect	[botpy] 会话启动中...
2024-02-19 22:51:03,892	[INFO]	(gateway.py:115)ws_connect	[botpy] 启动中...
2024-02-19 22:51:04,047	[INFO]	(gateway.py:142)ws_identify	[botpy] 鉴权中...
2024-02-19 22:51:04,161	[INFO]	(gateway.py:85)on_message	[botpy] 机器人「Firefly-测试中」启动成功！
2024-02-19 22:51:04,162	[INFO]	(gateway.py:223)_send_heart	[botpy] 心跳维持启动...
2024-02-19 22:51:05,846	[ERROR]	(http.py:76)_handle_response	[botpy] 接口请求异常，请求连接: https://api.sgroup.qq.com/channels/639520734/messages, 错误代码: 500, 返回内容: {'message': '请求数据异常', 'code': 40011000, 'err_code': 40011000, 'trace_id': '1b48b7d74346790840b2015ab0fd7553'}, trace_id:1b48b7d74346790840b2015ab0fd7553
2024-02-19 22:51:48,721	[INFO]	(client.py:162)_bot_login	[botpy] 登录机器人账号中...
2024-02-19 22:51:48,958	[INFO]	(robot.py:65)update_access_token	[botpy] access_token expires_in 6607
2024-02-19 22:51:49,561	[INFO]	(client.py:181)_bot_init	[botpy] 程序启动...
2024-02-19 22:51:49,562	[INFO]	(connection.py:60)multi_run	[botpy] 最大并发连接数: 1, 启动会话数: 1
2024-02-19 22:51:49,562	[INFO]	(client.py:242)bot_connect	[botpy] 会话启动中...
2024-02-19 22:51:49,562	[INFO]	(gateway.py:115)ws_connect	[botpy] 启动中...
2024-02-19 22:51:49,864	[INFO]	(gateway.py:142)ws_identify	[botpy] 鉴权中...
2024-02-19 22:51:49,953	[INFO]	(gateway.py:85)on_message	[botpy] 机器人「Firefly-测试中」启动成功！
2024-02-19 22:51:49,953	[INFO]	(gateway.py:223)_send_heart	[botpy] 心跳维持启动...
2024-02-19 22:51:56,382	[ERROR]	(http.py:76)_handle_response	[botpy] 接口请求异常，请求连接: https://api.sgroup.qq.com/channels/639520734/messages, 错误代码: 500, 返回内容: {'message': '请求数据异常', 'code': 40011000, 'err_code': 40011000, 'trace_id': '5fec1146126f625dbe9d5fbddf9d217b'}, trace_id:5fec1146126f625dbe9d5fbddf9d217b
2024-02-19 22:52:34,011	[INFO]	(client.py:162)_bot_login	[botpy] 登录机器人账号中...
2024-02-19 22:52:34,247	[INFO]	(robot.py:65)update_access_token	[botpy] access_token expires_in 6561
2024-02-19 22:52:34,861	[INFO]	(client.py:181)_bot_init	[botpy] 程序启动...
2024-02-19 22:52:34,861	[INFO]	(connection.py:60)multi_run	[botpy] 最大并发连接数: 1, 启动会话数: 1
2024-02-19 22:52:34,861	[INFO]	(client.py:242)bot_connect	[botpy] 会话启动中...
2024-02-19 22:52:34,861	[INFO]	(gateway.py:115)ws_connect	[botpy] 启动中...
2024-02-19 22:52:35,026	[INFO]	(gateway.py:142)ws_identify	[botpy] 鉴权中...
2024-02-19 22:52:35,113	[INFO]	(gateway.py:85)on_message	[botpy] 机器人「Firefly-测试中」启动成功！
2024-02-19 22:52:35,114	[INFO]	(gateway.py:223)_send_heart	[botpy] 心跳维持启动...
2024-02-19 22:56:02,654	[INFO]	(client.py:162)_bot_login	[botpy] 登录机器人账号中...
2024-02-19 22:56:03,872	[INFO]	(robot.py:65)update_access_token	[botpy] access_token expires_in 6352
2024-02-19 22:56:04,499	[INFO]	(client.py:181)_bot_init	[botpy] 程序启动...
2024-02-19 22:56:04,499	[INFO]	(connection.py:60)multi_run	[botpy] 最大并发连接数: 1, 启动会话数: 1
2024-02-19 22:56:04,499	[INFO]	(client.py:242)bot_connect	[botpy] 会话启动中...
2024-02-19 22:56:04,499	[INFO]	(gateway.py:115)ws_connect	[botpy] 启动中...
2024-02-19 22:56:04,757	[INFO]	(gateway.py:142)ws_identify	[botpy] 鉴权中...
2024-02-19 22:56:04,844	[INFO]	(gateway.py:85)on_message	[botpy] 机器人「Firefly-测试中」启动成功！
2024-02-19 22:56:04,844	[INFO]	(gateway.py:223)_send_heart	[botpy] 心跳维持启动...
2024-02-19 22:56:09,092	[ERROR]	(http.py:76)_handle_response	[botpy] 接口请求异常，请求连接: https://api.sgroup.qq.com/channels/639520734/messages, 错误代码: 500, 返回内容: {'message': '请求数据异常', 'code': 40011000, 'err_code': 40011000, 'trace_id': '4346279cfa806e68521ba83208da6a07'}, trace_id:4346279cfa806e68521ba83208da6a07
2024-02-19 22:57:06,998	[INFO]	(client.py:162)_bot_login	[botpy] 登录机器人账号中...
2024-02-19 22:57:07,241	[INFO]	(robot.py:65)update_access_token	[botpy] access_token expires_in 6288
2024-02-19 22:57:07,865	[INFO]	(client.py:181)_bot_init	[botpy] 程序启动...
2024-02-19 22:57:07,865	[INFO]	(connection.py:60)multi_run	[botpy] 最大并发连接数: 1, 启动会话数: 1
2024-02-19 22:57:07,865	[INFO]	(client.py:242)bot_connect	[botpy] 会话启动中...
2024-02-19 22:57:07,865	[INFO]	(gateway.py:115)ws_connect	[botpy] 启动中...
2024-02-19 22:57:08,024	[INFO]	(gateway.py:142)ws_identify	[botpy] 鉴权中...
2024-02-19 22:57:08,113	[INFO]	(gateway.py:85)on_message	[botpy] 机器人「Firefly-测试中」启动成功！
2024-02-19 22:57:08,113	[INFO]	(gateway.py:223)_send_heart	[botpy] 心跳维持启动...
2024-02-19 22:57:12,828	[ERROR]	(http.py:76)_handle_response	[botpy] 接口请求异常，请求连接: https://api.sgroup.qq.com/channels/639520734/messages, 错误代码: 500, 返回内容: {'message': '请求数据异常', 'code': 40011000, 'err_code': 40011000, 'trace_id': '8e2dec2ddb86313b2d13714d7d2ebd81'}, trace_id:8e2dec2ddb86313b2d13714d7d2ebd81
2024-02-19 22:58:13,305	[INFO]	(client.py:162)_bot_login	[botpy] 登录机器人账号中...
2024-02-19 22:58:14,518	[INFO]	(robot.py:65)update_access_token	[botpy] access_token expires_in 6221
2024-02-19 22:58:15,051	[INFO]	(client.py:181)_bot_init	[botpy] 程序启动...
2024-02-19 22:58:15,051	[INFO]	(connection.py:60)multi_run	[botpy] 最大并发连接数: 1, 启动会话数: 1
2024-02-19 22:58:15,051	[INFO]	(client.py:242)bot_connect	[botpy] 会话启动中...
2024-02-19 22:58:15,051	[INFO]	(gateway.py:115)ws_connect	[botpy] 启动中...
2024-02-19 22:58:15,208	[INFO]	(gateway.py:142)ws_identify	[botpy] 鉴权中...
2024-02-19 22:58:15,312	[INFO]	(gateway.py:85)on_message	[botpy] 机器人「Firefly-测试中」启动成功！
2024-02-19 22:58:15,312	[INFO]	(gateway.py:223)_send_heart	[botpy] 心跳维持启动...
2024-02-19 22:59:02,752	[INFO]	(client.py:162)_bot_login	[botpy] 登录机器人账号中...
2024-02-19 22:59:02,978	[INFO]	(robot.py:65)update_access_token	[botpy] access_token expires_in 6173
2024-02-19 22:59:03,584	[INFO]	(client.py:181)_bot_init	[botpy] 程序启动...
2024-02-19 22:59:03,584	[INFO]	(connection.py:60)multi_run	[botpy] 最大并发连接数: 1, 启动会话数: 1
2024-02-19 22:59:03,584	[INFO]	(client.py:242)bot_connect	[botpy] 会话启动中...
2024-02-19 22:59:03,584	[INFO]	(gateway.py:115)ws_connect	[botpy] 启动中...
2024-02-19 22:59:03,892	[INFO]	(gateway.py:142)ws_identify	[botpy] 鉴权中...
2024-02-19 22:59:03,970	[INFO]	(gateway.py:85)on_message	[botpy] 机器人「Firefly-测试中」启动成功！
2024-02-19 22:59:03,970	[INFO]	(gateway.py:223)_send_heart	[botpy] 心跳维持启动...
2024-02-19 23:00:05,135	[INFO]	(client.py:162)_bot_login	[botpy] 登录机器人账号中...
2024-02-19 23:00:05,389	[INFO]	(robot.py:65)update_access_token	[botpy] access_token expires_in 6110
2024-02-19 23:00:06,049	[INFO]	(client.py:181)_bot_init	[botpy] 程序启动...
2024-02-19 23:00:06,049	[INFO]	(connection.py:60)multi_run	[botpy] 最大并发连接数: 1, 启动会话数: 1
2024-02-19 23:00:06,049	[INFO]	(client.py:242)bot_connect	[botpy] 会话启动中...
2024-02-19 23:00:06,049	[INFO]	(gateway.py:115)ws_connect	[botpy] 启动中...
2024-02-19 23:00:06,203	[INFO]	(gateway.py:142)ws_identify	[botpy] 鉴权中...
2024-02-19 23:00:06,294	[INFO]	(gateway.py:85)on_message	[botpy] 机器人「Firefly-测试中」启动成功！
2024-02-19 23:00:06,295	[INFO]	(gateway.py:223)_send_heart	[botpy] 心跳维持启动...
2024-02-19 23:00:15,206	[INFO]	(client.py:162)_bot_login	[botpy] 登录机器人账号中...
2024-02-19 23:00:15,475	[INFO]	(robot.py:65)update_access_token	[botpy] access_token expires_in 6100
2024-02-19 23:00:16,094	[INFO]	(client.py:181)_bot_init	[botpy] 程序启动...
2024-02-19 23:00:16,095	[INFO]	(connection.py:60)multi_run	[botpy] 最大并发连接数: 1, 启动会话数: 1
2024-02-19 23:00:16,095	[INFO]	(client.py:242)bot_connect	[botpy] 会话启动中...
2024-02-19 23:00:16,095	[INFO]	(gateway.py:115)ws_connect	[botpy] 启动中...
2024-02-19 23:00:16,246	[INFO]	(gateway.py:142)ws_identify	[botpy] 鉴权中...
2024-02-19 23:00:16,360	[INFO]	(gateway.py:85)on_message	[botpy] 机器人「Firefly-测试中」启动成功！
2024-02-19 23:00:16,361	[INFO]	(gateway.py:223)_send_heart	[botpy] 心跳维持启动...
2024-02-19 23:00:20,509	[ERROR]	(http.py:76)_handle_response	[botpy] 接口请求异常，请求连接: https://api.sgroup.qq.com/channels/639520734/messages, 错误代码: 400, 返回内容: {'code': 10004, 'message': 'create msg audit error'}, trace_id:c1948b53e0a8a9a85171ce47796406e1
2024-02-19 23:00:59,691	[INFO]	(client.py:162)_bot_login	[botpy] 登录机器人账号中...
2024-02-19 23:00:59,976	[INFO]	(robot.py:65)update_access_token	[botpy] access_token expires_in 6056
2024-02-19 23:01:00,609	[INFO]	(client.py:181)_bot_init	[botpy] 程序启动...
2024-02-19 23:01:00,609	[INFO]	(connection.py:60)multi_run	[botpy] 最大并发连接数: 1, 启动会话数: 1
2024-02-19 23:01:00,609	[INFO]	(client.py:242)bot_connect	[botpy] 会话启动中...
2024-02-19 23:01:00,609	[INFO]	(gateway.py:115)ws_connect	[botpy] 启动中...
2024-02-19 23:01:00,960	[INFO]	(gateway.py:142)ws_identify	[botpy] 鉴权中...
2024-02-19 23:01:01,051	[INFO]	(gateway.py:85)on_message	[botpy] 机器人「Firefly-测试中」启动成功！
2024-02-19 23:01:01,051	[INFO]	(gateway.py:223)_send_heart	[botpy] 心跳维持启动...
2024-02-20 10:03:22,247	[INFO]	(client.py:162)_bot_login	[botpy] 登录机器人账号中...
2024-02-20 10:03:22,600	[INFO]	(robot.py:65)update_access_token	[botpy] access_token expires_in 2301
2024-02-20 10:03:23,272	[INFO]	(client.py:181)_bot_init	[botpy] 程序启动...
2024-02-20 10:03:23,273	[INFO]	(connection.py:60)multi_run	[botpy] 最大并发连接数: 1, 启动会话数: 1
2024-02-20 10:03:23,273	[INFO]	(client.py:242)bot_connect	[botpy] 会话启动中...
2024-02-20 10:03:23,273	[INFO]	(gateway.py:115)ws_connect	[botpy] 启动中...
2024-02-20 10:03:23,430	[INFO]	(gateway.py:142)ws_identify	[botpy] 鉴权中...
2024-02-20 10:03:23,527	[INFO]	(gateway.py:85)on_message	[botpy] 机器人「Firefly-测试中」启动成功！
2024-02-20 10:03:23,527	[INFO]	(gateway.py:223)_send_heart	[botpy] 心跳维持启动...
2024-02-20 10:06:11,340	[INFO]	(client.py:162)_bot_login	[botpy] 登录机器人账号中...
2024-02-20 10:06:11,653	[INFO]	(robot.py:65)update_access_token	[botpy] access_token expires_in 2132
2024-02-20 10:06:12,293	[INFO]	(client.py:181)_bot_init	[botpy] 程序启动...
2024-02-20 10:06:12,294	[INFO]	(connection.py:60)multi_run	[botpy] 最大并发连接数: 1, 启动会话数: 1
2024-02-20 10:06:12,294	[INFO]	(client.py:242)bot_connect	[botpy] 会话启动中...
2024-02-20 10:06:12,294	[INFO]	(gateway.py:115)ws_connect	[botpy] 启动中...
2024-02-20 10:06:12,453	[INFO]	(gateway.py:142)ws_identify	[botpy] 鉴权中...
2024-02-20 10:06:12,572	[INFO]	(gateway.py:85)on_message	[botpy] 机器人「Firefly-测试中」启动成功！
2024-02-20 10:06:12,572	[INFO]	(gateway.py:223)_send_heart	[botpy] 心跳维持启动...
2024-02-20 10:07:32,431	[INFO]	(client.py:162)_bot_login	[botpy] 登录机器人账号中...
2024-02-20 10:07:32,760	[INFO]	(robot.py:65)update_access_token	[botpy] access_token expires_in 2051
2024-02-20 10:07:33,423	[INFO]	(client.py:181)_bot_init	[botpy] 程序启动...
2024-02-20 10:07:33,423	[INFO]	(connection.py:60)multi_run	[botpy] 最大并发连接数: 1, 启动会话数: 1
2024-02-20 10:07:33,423	[INFO]	(client.py:242)bot_connect	[botpy] 会话启动中...
2024-02-20 10:07:33,423	[INFO]	(gateway.py:115)ws_connect	[botpy] 启动中...
2024-02-20 10:07:33,744	[INFO]	(gateway.py:142)ws_identify	[botpy] 鉴权中...
2024-02-20 10:07:33,845	[INFO]	(gateway.py:85)on_message	[botpy] 机器人「Firefly-测试中」启动成功！
2024-02-20 10:07:33,845	[INFO]	(gateway.py:223)_send_heart	[botpy] 心跳维持启动...
2024-02-20 10:16:17,677	[INFO]	(client.py:162)_bot_login	[botpy] 登录机器人账号中...
2024-02-20 10:16:18,007	[INFO]	(robot.py:65)update_access_token	[botpy] access_token expires_in 1526
2024-02-20 10:16:18,657	[INFO]	(client.py:181)_bot_init	[botpy] 程序启动...
2024-02-20 10:16:18,657	[INFO]	(connection.py:60)multi_run	[botpy] 最大并发连接数: 1, 启动会话数: 1
2024-02-20 10:16:18,657	[INFO]	(client.py:242)bot_connect	[botpy] 会话启动中...
2024-02-20 10:16:18,657	[INFO]	(gateway.py:115)ws_connect	[botpy] 启动中...
2024-02-20 10:16:18,963	[INFO]	(gateway.py:142)ws_identify	[botpy] 鉴权中...
2024-02-20 10:16:19,071	[INFO]	(gateway.py:85)on_message	[botpy] 机器人「Firefly-测试中」启动成功！
2024-02-20 10:16:19,071	[INFO]	(gateway.py:223)_send_heart	[botpy] 心跳维持启动...
2024-02-20 10:19:05,784	[INFO]	(client.py:162)_bot_login	[botpy] 登录机器人账号中...
2024-02-20 10:19:06,124	[INFO]	(robot.py:65)update_access_token	[botpy] access_token expires_in 1358
2024-02-20 10:19:06,783	[INFO]	(client.py:181)_bot_init	[botpy] 程序启动...
2024-02-20 10:19:06,783	[INFO]	(connection.py:60)multi_run	[botpy] 最大并发连接数: 1, 启动会话数: 1
2024-02-20 10:19:06,783	[INFO]	(client.py:242)bot_connect	[botpy] 会话启动中...
2024-02-20 10:19:06,783	[INFO]	(gateway.py:115)ws_connect	[botpy] 启动中...
2024-02-20 10:19:07,077	[INFO]	(gateway.py:142)ws_identify	[botpy] 鉴权中...
2024-02-20 10:19:07,190	[INFO]	(gateway.py:85)on_message	[botpy] 机器人「Firefly-测试中」启动成功！
2024-02-20 10:19:07,190	[INFO]	(gateway.py:223)_send_heart	[botpy] 心跳维持启动...
2024-02-20 10:21:06,291	[INFO]	(client.py:162)_bot_login	[botpy] 登录机器人账号中...
2024-02-20 10:21:06,591	[INFO]	(robot.py:65)update_access_token	[botpy] access_token expires_in 1237
2024-02-20 10:21:07,277	[INFO]	(client.py:181)_bot_init	[botpy] 程序启动...
2024-02-20 10:21:07,278	[INFO]	(connection.py:60)multi_run	[botpy] 最大并发连接数: 1, 启动会话数: 1
2024-02-20 10:21:07,278	[INFO]	(client.py:242)bot_connect	[botpy] 会话启动中...
2024-02-20 10:21:07,278	[INFO]	(gateway.py:115)ws_connect	[botpy] 启动中...
2024-02-20 10:21:07,432	[INFO]	(gateway.py:142)ws_identify	[botpy] 鉴权中...
2024-02-20 10:21:07,532	[INFO]	(gateway.py:85)on_message	[botpy] 机器人「Firefly-测试中」启动成功！
2024-02-20 10:21:07,533	[INFO]	(gateway.py:223)_send_heart	[botpy] 心跳维持启动...
2024-02-20 10:21:47,909	[INFO]	(client.py:162)_bot_login	[botpy] 登录机器人账号中...
2024-02-20 10:21:48,212	[INFO]	(robot.py:65)update_access_token	[botpy] access_token expires_in 1196
2024-02-20 10:21:48,865	[INFO]	(client.py:181)_bot_init	[botpy] 程序启动...
2024-02-20 10:21:48,866	[INFO]	(connection.py:60)multi_run	[botpy] 最大并发连接数: 1, 启动会话数: 1
2024-02-20 10:21:48,866	[INFO]	(client.py:242)bot_connect	[botpy] 会话启动中...
2024-02-20 10:21:48,866	[INFO]	(gateway.py:115)ws_connect	[botpy] 启动中...
2024-02-20 10:21:49,032	[INFO]	(gateway.py:142)ws_identify	[botpy] 鉴权中...
2024-02-20 10:21:49,110	[INFO]	(gateway.py:85)on_message	[botpy] 机器人「Firefly-测试中」启动成功！
2024-02-20 10:21:49,111	[INFO]	(gateway.py:223)_send_heart	[botpy] 心跳维持启动...
2024-02-20 10:23:45,994	[INFO]	(client.py:162)_bot_login	[botpy] 登录机器人账号中...
2024-02-20 10:23:46,338	[INFO]	(robot.py:65)update_access_token	[botpy] access_token expires_in 1078
2024-02-20 10:23:46,991	[INFO]	(client.py:181)_bot_init	[botpy] 程序启动...
2024-02-20 10:23:46,991	[INFO]	(connection.py:60)multi_run	[botpy] 最大并发连接数: 1, 启动会话数: 1
2024-02-20 10:23:46,991	[INFO]	(client.py:242)bot_connect	[botpy] 会话启动中...
2024-02-20 10:23:46,991	[INFO]	(gateway.py:115)ws_connect	[botpy] 启动中...
2024-02-20 10:23:47,144	[INFO]	(gateway.py:142)ws_identify	[botpy] 鉴权中...
2024-02-20 10:23:47,246	[INFO]	(gateway.py:85)on_message	[botpy] 机器人「Firefly-测试中」启动成功！
2024-02-20 10:23:47,246	[INFO]	(gateway.py:223)_send_heart	[botpy] 心跳维持启动...
2024-02-20 10:29:28,675	[INFO]	(client.py:162)_bot_login	[botpy] 登录机器人账号中...
2024-02-20 10:29:29,042	[INFO]	(robot.py:65)update_access_token	[botpy] access_token expires_in 735
2024-02-20 10:29:29,708	[INFO]	(client.py:181)_bot_init	[botpy] 程序启动...
2024-02-20 10:29:29,708	[INFO]	(connection.py:60)multi_run	[botpy] 最大并发连接数: 1, 启动会话数: 1
2024-02-20 10:29:29,708	[INFO]	(client.py:242)bot_connect	[botpy] 会话启动中...
2024-02-20 10:29:29,708	[INFO]	(gateway.py:115)ws_connect	[botpy] 启动中...
2024-02-20 10:29:30,005	[INFO]	(gateway.py:142)ws_identify	[botpy] 鉴权中...
2024-02-20 10:29:30,108	[INFO]	(gateway.py:85)on_message	[botpy] 机器人「Firefly-测试中」启动成功！
2024-02-20 10:29:30,109	[INFO]	(gateway.py:223)_send_heart	[botpy] 心跳维持启动...
2024-02-20 10:30:20,829	[INFO]	(client.py:162)_bot_login	[botpy] 登录机器人账号中...
2024-02-20 10:30:21,144	[INFO]	(robot.py:65)update_access_token	[botpy] access_token expires_in 683
2024-02-20 10:30:21,769	[INFO]	(client.py:181)_bot_init	[botpy] 程序启动...
2024-02-20 10:30:21,769	[INFO]	(connection.py:60)multi_run	[botpy] 最大并发连接数: 1, 启动会话数: 1
2024-02-20 10:30:21,769	[INFO]	(client.py:242)bot_connect	[botpy] 会话启动中...
2024-02-20 10:30:21,769	[INFO]	(gateway.py:115)ws_connect	[botpy] 启动中...
2024-02-20 10:30:22,065	[INFO]	(gateway.py:142)ws_identify	[botpy] 鉴权中...
2024-02-20 10:30:22,175	[INFO]	(gateway.py:85)on_message	[botpy] 机器人「Firefly-测试中」启动成功！
2024-02-20 10:30:22,176	[INFO]	(gateway.py:223)_send_heart	[botpy] 心跳维持启动...
2024-02-20 10:30:38,116	[INFO]	(client.py:162)_bot_login	[botpy] 登录机器人账号中...
2024-02-20 10:30:38,398	[INFO]	(robot.py:65)update_access_token	[botpy] access_token expires_in 666
2024-02-20 10:30:39,028	[INFO]	(client.py:181)_bot_init	[botpy] 程序启动...
2024-02-20 10:30:39,028	[INFO]	(connection.py:60)multi_run	[botpy] 最大并发连接数: 1, 启动会话数: 1
2024-02-20 10:30:39,028	[INFO]	(client.py:242)bot_connect	[botpy] 会话启动中...
2024-02-20 10:30:39,028	[INFO]	(gateway.py:115)ws_connect	[botpy] 启动中...
2024-02-20 10:30:39,182	[INFO]	(gateway.py:142)ws_identify	[botpy] 鉴权中...
2024-02-20 10:30:39,287	[INFO]	(gateway.py:85)on_message	[botpy] 机器人「Firefly-测试中」启动成功！
2024-02-20 10:30:39,287	[INFO]	(gateway.py:223)_send_heart	[botpy] 心跳维持启动...
2024-02-20 10:32:19,402	[INFO]	(client.py:162)_bot_login	[botpy] 登录机器人账号中...
2024-02-20 10:32:19,684	[INFO]	(robot.py:65)update_access_token	[botpy] access_token expires_in 564
2024-02-20 10:32:20,304	[INFO]	(client.py:181)_bot_init	[botpy] 程序启动...
2024-02-20 10:32:20,304	[INFO]	(connection.py:60)multi_run	[botpy] 最大并发连接数: 1, 启动会话数: 1
2024-02-20 10:32:20,304	[INFO]	(client.py:242)bot_connect	[botpy] 会话启动中...
2024-02-20 10:32:20,305	[INFO]	(gateway.py:115)ws_connect	[botpy] 启动中...
2024-02-20 10:32:20,464	[INFO]	(gateway.py:142)ws_identify	[botpy] 鉴权中...
2024-02-20 10:32:20,560	[INFO]	(gateway.py:85)on_message	[botpy] 机器人「Firefly-测试中」启动成功！
2024-02-20 10:32:20,560	[INFO]	(gateway.py:223)_send_heart	[botpy] 心跳维持启动...
2024-02-20 10:33:09,262	[INFO]	(client.py:162)_bot_login	[botpy] 登录机器人账号中...
2024-02-20 10:33:09,569	[INFO]	(robot.py:65)update_access_token	[botpy] access_token expires_in 514
2024-02-20 10:33:10,214	[INFO]	(client.py:181)_bot_init	[botpy] 程序启动...
2024-02-20 10:33:10,214	[INFO]	(connection.py:60)multi_run	[botpy] 最大并发连接数: 1, 启动会话数: 1
2024-02-20 10:33:10,214	[INFO]	(client.py:242)bot_connect	[botpy] 会话启动中...
2024-02-20 10:33:10,214	[INFO]	(gateway.py:115)ws_connect	[botpy] 启动中...
2024-02-20 10:33:10,375	[INFO]	(gateway.py:142)ws_identify	[botpy] 鉴权中...
2024-02-20 10:33:10,446	[INFO]	(gateway.py:85)on_message	[botpy] 机器人「Firefly-测试中」启动成功！
2024-02-20 10:33:10,446	[INFO]	(gateway.py:223)_send_heart	[botpy] 心跳维持启动...
2024-02-20 10:35:19,616	[INFO]	(client.py:162)_bot_login	[botpy] 登录机器人账号中...
2024-02-20 10:35:19,904	[INFO]	(robot.py:65)update_access_token	[botpy] access_token expires_in 384
2024-02-20 10:35:21,579	[INFO]	(client.py:181)_bot_init	[botpy] 程序启动...
2024-02-20 10:35:21,581	[INFO]	(connection.py:60)multi_run	[botpy] 最大并发连接数: 1, 启动会话数: 1
2024-02-20 10:35:21,581	[INFO]	(client.py:242)bot_connect	[botpy] 会话启动中...
2024-02-20 10:35:21,581	[INFO]	(gateway.py:115)ws_connect	[botpy] 启动中...
2024-02-20 10:35:21,905	[INFO]	(gateway.py:142)ws_identify	[botpy] 鉴权中...
2024-02-20 10:35:21,993	[INFO]	(gateway.py:85)on_message	[botpy] 机器人「Firefly-测试中」启动成功！
2024-02-20 10:35:21,993	[INFO]	(gateway.py:223)_send_heart	[botpy] 心跳维持启动...
2024-02-20 10:36:00,735	[INFO]	(client.py:162)_bot_login	[botpy] 登录机器人账号中...
2024-02-20 10:36:01,080	[INFO]	(robot.py:65)update_access_token	[botpy] access_token expires_in 343
2024-02-20 10:36:01,711	[INFO]	(client.py:181)_bot_init	[botpy] 程序启动...
2024-02-20 10:36:01,711	[INFO]	(connection.py:60)multi_run	[botpy] 最大并发连接数: 1, 启动会话数: 1
2024-02-20 10:36:01,711	[INFO]	(client.py:242)bot_connect	[botpy] 会话启动中...
2024-02-20 10:36:01,711	[INFO]	(gateway.py:115)ws_connect	[botpy] 启动中...
2024-02-20 10:36:01,872	[INFO]	(gateway.py:142)ws_identify	[botpy] 鉴权中...
2024-02-20 10:36:01,957	[INFO]	(gateway.py:85)on_message	[botpy] 机器人「Firefly-测试中」启动成功！
2024-02-20 10:36:01,957	[INFO]	(gateway.py:223)_send_heart	[botpy] 心跳维持启动...
2024-02-20 10:37:22,734	[INFO]	(client.py:162)_bot_login	[botpy] 登录机器人账号中...
2024-02-20 10:37:23,064	[INFO]	(robot.py:65)update_access_token	[botpy] access_token expires_in 261
2024-02-20 10:37:23,703	[INFO]	(client.py:181)_bot_init	[botpy] 程序启动...
2024-02-20 10:37:23,703	[INFO]	(connection.py:60)multi_run	[botpy] 最大并发连接数: 1, 启动会话数: 1
2024-02-20 10:37:23,703	[INFO]	(client.py:242)bot_connect	[botpy] 会话启动中...
2024-02-20 10:37:23,703	[INFO]	(gateway.py:115)ws_connect	[botpy] 启动中...
2024-02-20 10:37:24,008	[INFO]	(gateway.py:142)ws_identify	[botpy] 鉴权中...
2024-02-20 10:37:24,102	[INFO]	(gateway.py:85)on_message	[botpy] 机器人「Firefly-测试中」启动成功！
2024-02-20 10:37:24,104	[INFO]	(gateway.py:223)_send_heart	[botpy] 心跳维持启动...
2024-02-20 10:37:33,273	[INFO]	(client.py:162)_bot_login	[botpy] 登录机器人账号中...
2024-02-20 10:37:33,563	[INFO]	(robot.py:65)update_access_token	[botpy] access_token expires_in 250
2024-02-20 10:37:34,216	[INFO]	(client.py:181)_bot_init	[botpy] 程序启动...
2024-02-20 10:37:34,217	[INFO]	(connection.py:60)multi_run	[botpy] 最大并发连接数: 1, 启动会话数: 1
2024-02-20 10:37:34,217	[INFO]	(client.py:242)bot_connect	[botpy] 会话启动中...
2024-02-20 10:37:34,217	[INFO]	(gateway.py:115)ws_connect	[botpy] 启动中...
2024-02-20 10:37:34,383	[INFO]	(gateway.py:142)ws_identify	[botpy] 鉴权中...
2024-02-20 10:37:34,475	[INFO]	(gateway.py:85)on_message	[botpy] 机器人「Firefly-测试中」启动成功！
2024-02-20 10:37:34,475	[INFO]	(gateway.py:223)_send_heart	[botpy] 心跳维持启动...
2024-02-20 10:39:02,510	[INFO]	(client.py:162)_bot_login	[botpy] 登录机器人账号中...
2024-02-20 10:39:02,797	[INFO]	(robot.py:65)update_access_token	[botpy] access_token expires_in 161
2024-02-20 10:39:03,463	[INFO]	(client.py:181)_bot_init	[botpy] 程序启动...
2024-02-20 10:39:03,463	[INFO]	(connection.py:60)multi_run	[botpy] 最大并发连接数: 1, 启动会话数: 1
2024-02-20 10:39:03,463	[INFO]	(client.py:242)bot_connect	[botpy] 会话启动中...
2024-02-20 10:39:03,463	[INFO]	(gateway.py:115)ws_connect	[botpy] 启动中...
2024-02-20 10:39:03,770	[INFO]	(gateway.py:142)ws_identify	[botpy] 鉴权中...
2024-02-20 10:39:03,889	[INFO]	(gateway.py:85)on_message	[botpy] 机器人「Firefly-测试中」启动成功！
2024-02-20 10:39:03,889	[INFO]	(gateway.py:223)_send_heart	[botpy] 心跳维持启动...
2024-02-20 10:39:31,788	[INFO]	(client.py:162)_bot_login	[botpy] 登录机器人账号中...
2024-02-20 10:39:32,095	[INFO]	(robot.py:65)update_access_token	[botpy] access_token expires_in 132
2024-02-20 10:39:32,696	[INFO]	(client.py:181)_bot_init	[botpy] 程序启动...
2024-02-20 10:39:32,696	[INFO]	(connection.py:60)multi_run	[botpy] 最大并发连接数: 1, 启动会话数: 1
2024-02-20 10:39:32,696	[INFO]	(client.py:242)bot_connect	[botpy] 会话启动中...
2024-02-20 10:39:32,696	[INFO]	(gateway.py:115)ws_connect	[botpy] 启动中...
2024-02-20 10:39:32,850	[INFO]	(gateway.py:142)ws_identify	[botpy] 鉴权中...
2024-02-20 10:39:32,946	[INFO]	(gateway.py:85)on_message	[botpy] 机器人「Firefly-测试中」启动成功！
2024-02-20 10:39:32,946	[INFO]	(gateway.py:223)_send_heart	[botpy] 心跳维持启动...
2024-02-20 10:42:40,214	[INFO]	(client.py:162)_bot_login	[botpy] 登录机器人账号中...
2024-02-20 10:42:40,559	[INFO]	(robot.py:65)update_access_token	[botpy] access_token expires_in 7165
2024-02-20 10:42:41,189	[INFO]	(client.py:181)_bot_init	[botpy] 程序启动...
2024-02-20 10:42:41,190	[INFO]	(connection.py:60)multi_run	[botpy] 最大并发连接数: 1, 启动会话数: 1
2024-02-20 10:42:41,190	[INFO]	(client.py:242)bot_connect	[botpy] 会话启动中...
2024-02-20 10:42:41,190	[INFO]	(gateway.py:115)ws_connect	[botpy] 启动中...
2024-02-20 10:42:41,344	[INFO]	(gateway.py:142)ws_identify	[botpy] 鉴权中...
2024-02-20 10:42:41,439	[INFO]	(gateway.py:85)on_message	[botpy] 机器人「Firefly-测试中」启动成功！
2024-02-20 10:42:41,439	[INFO]	(gateway.py:223)_send_heart	[botpy] 心跳维持启动...
2024-02-20 10:43:22,424	[INFO]	(client.py:162)_bot_login	[botpy] 登录机器人账号中...
2024-02-20 10:43:22,729	[INFO]	(robot.py:65)update_access_token	[botpy] access_token expires_in 7123
2024-02-20 10:43:23,356	[INFO]	(client.py:181)_bot_init	[botpy] 程序启动...
2024-02-20 10:43:23,356	[INFO]	(connection.py:60)multi_run	[botpy] 最大并发连接数: 1, 启动会话数: 1
2024-02-20 10:43:23,356	[INFO]	(client.py:242)bot_connect	[botpy] 会话启动中...
2024-02-20 10:43:23,356	[INFO]	(gateway.py:115)ws_connect	[botpy] 启动中...
2024-02-20 10:43:23,674	[INFO]	(gateway.py:142)ws_identify	[botpy] 鉴权中...
2024-02-20 10:43:23,769	[INFO]	(gateway.py:85)on_message	[botpy] 机器人「Firefly-测试中」启动成功！
2024-02-20 10:43:23,769	[INFO]	(gateway.py:223)_send_heart	[botpy] 心跳维持启动...
2024-02-20 11:13:23,657	[INFO]	(gateway.py:56)on_closed	[botpy] 关闭, 返回码: 4009, 返回信息: Session timed out
2024-02-20 11:13:23,657	[INFO]	(gateway.py:134)ws_connect	[botpy] ws关闭, 停止接收消息!
2024-02-20 11:13:28,667	[INFO]	(connection.py:60)multi_run	[botpy] 最大并发连接数: 1, 启动会话数: 1
2024-02-20 11:13:28,668	[INFO]	(client.py:242)bot_connect	[botpy] 会话启动中...
2024-02-20 11:13:28,668	[INFO]	(gateway.py:115)ws_connect	[botpy] 启动中...
2024-02-20 11:13:29,009	[INFO]	(gateway.py:175)ws_resume	[botpy] 重连启动...
2024-02-20 11:13:29,091	[INFO]	(gateway.py:90)on_message	[botpy] 机器人重连成功! 
2024-02-20 11:13:29,091	[INFO]	(gateway.py:223)_send_heart	[botpy] 心跳维持启动...
2024-02-20 11:24:05,865	[INFO]	(client.py:162)_bot_login	[botpy] 登录机器人账号中...
2024-02-20 11:24:06,169	[INFO]	(robot.py:65)update_access_token	[botpy] access_token expires_in 4679
2024-02-20 11:24:06,832	[INFO]	(client.py:181)_bot_init	[botpy] 程序启动...
2024-02-20 11:24:06,833	[INFO]	(connection.py:60)multi_run	[botpy] 最大并发连接数: 1, 启动会话数: 1
2024-02-20 11:24:06,834	[INFO]	(client.py:242)bot_connect	[botpy] 会话启动中...
2024-02-20 11:24:06,834	[INFO]	(gateway.py:115)ws_connect	[botpy] 启动中...
2024-02-20 11:24:06,990	[INFO]	(gateway.py:142)ws_identify	[botpy] 鉴权中...
2024-02-20 11:24:07,101	[INFO]	(gateway.py:85)on_message	[botpy] 机器人「Firefly-测试中」启动成功！
2024-02-20 11:24:07,102	[INFO]	(gateway.py:223)_send_heart	[botpy] 心跳维持启动...
2024-02-20 11:24:49,246	[INFO]	(client.py:162)_bot_login	[botpy] 登录机器人账号中...
2024-02-20 11:24:49,546	[INFO]	(robot.py:65)update_access_token	[botpy] access_token expires_in 4636
2024-02-20 11:24:50,184	[INFO]	(client.py:181)_bot_init	[botpy] 程序启动...
2024-02-20 11:24:50,184	[INFO]	(connection.py:60)multi_run	[botpy] 最大并发连接数: 1, 启动会话数: 1
2024-02-20 11:24:50,184	[INFO]	(client.py:242)bot_connect	[botpy] 会话启动中...
2024-02-20 11:24:50,184	[INFO]	(gateway.py:115)ws_connect	[botpy] 启动中...
2024-02-20 11:24:50,337	[INFO]	(gateway.py:142)ws_identify	[botpy] 鉴权中...
2024-02-20 11:24:50,420	[INFO]	(gateway.py:85)on_message	[botpy] 机器人「Firefly-测试中」启动成功！
2024-02-20 11:24:50,420	[INFO]	(gateway.py:223)_send_heart	[botpy] 心跳维持启动...
2024-02-20 11:54:50,318	[INFO]	(gateway.py:56)on_closed	[botpy] 关闭, 返回码: 4009, 返回信息: Session timed out
2024-02-20 11:54:50,318	[INFO]	(gateway.py:134)ws_connect	[botpy] ws关闭, 停止接收消息!
2024-02-20 11:54:55,321	[INFO]	(connection.py:60)multi_run	[botpy] 最大并发连接数: 1, 启动会话数: 1
2024-02-20 11:54:55,321	[INFO]	(client.py:242)bot_connect	[botpy] 会话启动中...
2024-02-20 11:54:55,321	[INFO]	(gateway.py:115)ws_connect	[botpy] 启动中...
2024-02-20 11:54:55,659	[INFO]	(gateway.py:175)ws_resume	[botpy] 重连启动...
2024-02-20 11:54:55,741	[INFO]	(gateway.py:90)on_message	[botpy] 机器人重连成功! 
2024-02-20 11:54:55,741	[INFO]	(gateway.py:223)_send_heart	[botpy] 心跳维持启动...
2024-02-20 11:58:02,086	[INFO]	(client.py:162)_bot_login	[botpy] 登录机器人账号中...
2024-02-20 11:58:02,408	[INFO]	(robot.py:65)update_access_token	[botpy] access_token expires_in 2643
2024-02-20 11:58:03,041	[INFO]	(client.py:181)_bot_init	[botpy] 程序启动...
2024-02-20 11:58:03,042	[INFO]	(connection.py:60)multi_run	[botpy] 最大并发连接数: 1, 启动会话数: 1
2024-02-20 11:58:03,042	[INFO]	(client.py:242)bot_connect	[botpy] 会话启动中...
2024-02-20 11:58:03,042	[INFO]	(gateway.py:115)ws_connect	[botpy] 启动中...
2024-02-20 11:58:03,209	[INFO]	(gateway.py:142)ws_identify	[botpy] 鉴权中...
2024-02-20 11:58:03,337	[INFO]	(gateway.py:85)on_message	[botpy] 机器人「Firefly-测试中」启动成功！
2024-02-20 11:58:03,337	[INFO]	(gateway.py:223)_send_heart	[botpy] 心跳维持启动...
2024-02-20 11:59:37,475	[INFO]	(client.py:162)_bot_login	[botpy] 登录机器人账号中...
2024-02-20 11:59:37,790	[INFO]	(robot.py:65)update_access_token	[botpy] access_token expires_in 2547
2024-02-20 11:59:38,442	[INFO]	(client.py:181)_bot_init	[botpy] 程序启动...
2024-02-20 11:59:38,442	[INFO]	(connection.py:60)multi_run	[botpy] 最大并发连接数: 1, 启动会话数: 1
2024-02-20 11:59:38,442	[INFO]	(client.py:242)bot_connect	[botpy] 会话启动中...
2024-02-20 11:59:38,442	[INFO]	(gateway.py:115)ws_connect	[botpy] 启动中...
2024-02-20 11:59:38,769	[INFO]	(gateway.py:142)ws_identify	[botpy] 鉴权中...
2024-02-20 11:59:38,876	[INFO]	(gateway.py:85)on_message	[botpy] 机器人「Firefly-测试中」启动成功！
2024-02-20 11:59:38,877	[INFO]	(gateway.py:223)_send_heart	[botpy] 心跳维持启动...
2024-02-20 12:00:37,870	[INFO]	(client.py:162)_bot_login	[botpy] 登录机器人账号中...
2024-02-20 12:00:38,192	[INFO]	(robot.py:65)update_access_token	[botpy] access_token expires_in 2487
2024-02-20 12:00:38,849	[INFO]	(client.py:181)_bot_init	[botpy] 程序启动...
2024-02-20 12:00:38,849	[INFO]	(connection.py:60)multi_run	[botpy] 最大并发连接数: 1, 启动会话数: 1
2024-02-20 12:00:38,849	[INFO]	(client.py:242)bot_connect	[botpy] 会话启动中...
2024-02-20 12:00:38,849	[INFO]	(gateway.py:115)ws_connect	[botpy] 启动中...
2024-02-20 12:00:39,007	[INFO]	(gateway.py:142)ws_identify	[botpy] 鉴权中...
2024-02-20 12:00:39,098	[INFO]	(gateway.py:85)on_message	[botpy] 机器人「Firefly-测试中」启动成功！
2024-02-20 12:00:39,098	[INFO]	(gateway.py:223)_send_heart	[botpy] 心跳维持启动...
2024-02-20 12:01:34,295	[INFO]	(client.py:162)_bot_login	[botpy] 登录机器人账号中...
2024-02-20 12:01:34,629	[INFO]	(robot.py:65)update_access_token	[botpy] access_token expires_in 2431
2024-02-20 12:01:35,234	[INFO]	(client.py:181)_bot_init	[botpy] 程序启动...
2024-02-20 12:01:35,234	[INFO]	(connection.py:60)multi_run	[botpy] 最大并发连接数: 1, 启动会话数: 1
2024-02-20 12:01:35,234	[INFO]	(client.py:242)bot_connect	[botpy] 会话启动中...
2024-02-20 12:01:35,234	[INFO]	(gateway.py:115)ws_connect	[botpy] 启动中...
2024-02-20 12:01:35,393	[INFO]	(gateway.py:142)ws_identify	[botpy] 鉴权中...
2024-02-20 12:01:35,480	[INFO]	(gateway.py:85)on_message	[botpy] 机器人「Firefly-测试中」启动成功！
2024-02-20 12:01:35,480	[INFO]	(gateway.py:223)_send_heart	[botpy] 心跳维持启动...
2024-02-20 12:02:39,362	[INFO]	(client.py:162)_bot_login	[botpy] 登录机器人账号中...
2024-02-20 12:02:39,678	[INFO]	(robot.py:65)update_access_token	[botpy] access_token expires_in 2366
2024-02-20 12:02:40,359	[INFO]	(client.py:181)_bot_init	[botpy] 程序启动...
2024-02-20 12:02:40,359	[INFO]	(connection.py:60)multi_run	[botpy] 最大并发连接数: 1, 启动会话数: 1
2024-02-20 12:02:40,359	[INFO]	(client.py:242)bot_connect	[botpy] 会话启动中...
2024-02-20 12:02:40,359	[INFO]	(gateway.py:115)ws_connect	[botpy] 启动中...
2024-02-20 12:02:40,681	[INFO]	(gateway.py:142)ws_identify	[botpy] 鉴权中...
2024-02-20 12:02:40,766	[INFO]	(gateway.py:85)on_message	[botpy] 机器人「Firefly-测试中」启动成功！
2024-02-20 12:02:40,766	[INFO]	(gateway.py:223)_send_heart	[botpy] 心跳维持启动...
2024-02-20 12:04:40,228	[INFO]	(client.py:162)_bot_login	[botpy] 登录机器人账号中...
2024-02-20 12:04:40,529	[INFO]	(robot.py:65)update_access_token	[botpy] access_token expires_in 2245
2024-02-20 12:04:41,179	[INFO]	(client.py:181)_bot_init	[botpy] 程序启动...
2024-02-20 12:04:41,179	[INFO]	(connection.py:60)multi_run	[botpy] 最大并发连接数: 1, 启动会话数: 1
2024-02-20 12:04:41,180	[INFO]	(client.py:242)bot_connect	[botpy] 会话启动中...
2024-02-20 12:04:41,180	[INFO]	(gateway.py:115)ws_connect	[botpy] 启动中...
2024-02-20 12:04:41,338	[INFO]	(gateway.py:142)ws_identify	[botpy] 鉴权中...
2024-02-20 12:04:41,420	[INFO]	(gateway.py:85)on_message	[botpy] 机器人「Firefly-测试中」启动成功！
2024-02-20 12:04:41,420	[INFO]	(gateway.py:223)_send_heart	[botpy] 心跳维持启动...
2024-02-20 12:05:13,481	[INFO]	(client.py:162)_bot_login	[botpy] 登录机器人账号中...
2024-02-20 12:05:13,795	[INFO]	(robot.py:65)update_access_token	[botpy] access_token expires_in 2211
2024-02-20 12:05:14,443	[INFO]	(client.py:181)_bot_init	[botpy] 程序启动...
2024-02-20 12:05:14,443	[INFO]	(connection.py:60)multi_run	[botpy] 最大并发连接数: 1, 启动会话数: 1
2024-02-20 12:05:14,443	[INFO]	(client.py:242)bot_connect	[botpy] 会话启动中...
2024-02-20 12:05:14,443	[INFO]	(gateway.py:115)ws_connect	[botpy] 启动中...
2024-02-20 12:05:14,772	[INFO]	(gateway.py:142)ws_identify	[botpy] 鉴权中...
2024-02-20 12:05:14,868	[INFO]	(gateway.py:85)on_message	[botpy] 机器人「Firefly-测试中」启动成功！
2024-02-20 12:05:14,869	[INFO]	(gateway.py:223)_send_heart	[botpy] 心跳维持启动...
2024-02-20 12:07:03,781	[INFO]	(client.py:162)_bot_login	[botpy] 登录机器人账号中...
2024-02-20 12:07:04,094	[INFO]	(robot.py:65)update_access_token	[botpy] access_token expires_in 2101
2024-02-20 12:07:04,753	[INFO]	(client.py:181)_bot_init	[botpy] 程序启动...
2024-02-20 12:07:04,753	[INFO]	(connection.py:60)multi_run	[botpy] 最大并发连接数: 1, 启动会话数: 1
2024-02-20 12:07:04,754	[INFO]	(client.py:242)bot_connect	[botpy] 会话启动中...
2024-02-20 12:07:04,754	[INFO]	(gateway.py:115)ws_connect	[botpy] 启动中...
2024-02-20 12:07:04,918	[INFO]	(gateway.py:142)ws_identify	[botpy] 鉴权中...
2024-02-20 12:07:05,002	[INFO]	(gateway.py:85)on_message	[botpy] 机器人「Firefly-测试中」启动成功！
2024-02-20 12:07:05,003	[INFO]	(gateway.py:223)_send_heart	[botpy] 心跳维持启动...
2024-02-20 12:09:56,364	[INFO]	(client.py:162)_bot_login	[botpy] 登录机器人账号中...
2024-02-20 12:09:56,656	[INFO]	(robot.py:65)update_access_token	[botpy] access_token expires_in 1929
2024-02-20 12:09:57,295	[INFO]	(client.py:181)_bot_init	[botpy] 程序启动...
2024-02-20 12:09:57,295	[INFO]	(connection.py:60)multi_run	[botpy] 最大并发连接数: 1, 启动会话数: 1
2024-02-20 12:09:57,296	[INFO]	(client.py:242)bot_connect	[botpy] 会话启动中...
2024-02-20 12:09:57,296	[INFO]	(gateway.py:115)ws_connect	[botpy] 启动中...
2024-02-20 12:09:57,454	[INFO]	(gateway.py:142)ws_identify	[botpy] 鉴权中...
2024-02-20 12:09:57,557	[INFO]	(gateway.py:85)on_message	[botpy] 机器人「Firefly-测试中」启动成功！
2024-02-20 12:09:57,557	[INFO]	(gateway.py:223)_send_heart	[botpy] 心跳维持启动...
2024-02-20 12:10:14,800	[INFO]	(client.py:162)_bot_login	[botpy] 登录机器人账号中...
2024-02-20 12:10:15,120	[INFO]	(robot.py:65)update_access_token	[botpy] access_token expires_in 1910
2024-02-20 12:10:15,753	[INFO]	(client.py:181)_bot_init	[botpy] 程序启动...
2024-02-20 12:10:15,753	[INFO]	(connection.py:60)multi_run	[botpy] 最大并发连接数: 1, 启动会话数: 1
2024-02-20 12:10:15,753	[INFO]	(client.py:242)bot_connect	[botpy] 会话启动中...
2024-02-20 12:10:15,753	[INFO]	(gateway.py:115)ws_connect	[botpy] 启动中...
2024-02-20 12:10:16,055	[INFO]	(gateway.py:142)ws_identify	[botpy] 鉴权中...
2024-02-20 12:10:16,142	[INFO]	(gateway.py:85)on_message	[botpy] 机器人「Firefly-测试中」启动成功！
2024-02-20 12:10:16,143	[INFO]	(gateway.py:223)_send_heart	[botpy] 心跳维持启动...
2024-02-20 12:22:21,733	[INFO]	(client.py:162)_bot_login	[botpy] 登录机器人账号中...
2024-02-20 12:22:22,049	[INFO]	(robot.py:65)update_access_token	[botpy] access_token expires_in 1183
2024-02-20 12:22:22,706	[INFO]	(client.py:181)_bot_init	[botpy] 程序启动...
2024-02-20 12:22:22,706	[INFO]	(connection.py:60)multi_run	[botpy] 最大并发连接数: 1, 启动会话数: 1
2024-02-20 12:22:22,707	[INFO]	(client.py:242)bot_connect	[botpy] 会话启动中...
2024-02-20 12:22:22,707	[INFO]	(gateway.py:115)ws_connect	[botpy] 启动中...
2024-02-20 12:22:23,023	[INFO]	(gateway.py:142)ws_identify	[botpy] 鉴权中...
2024-02-20 12:22:23,131	[INFO]	(gateway.py:85)on_message	[botpy] 机器人「Firefly-测试中」启动成功！
2024-02-20 12:22:23,131	[INFO]	(gateway.py:223)_send_heart	[botpy] 心跳维持启动...
2024-02-20 12:23:07,426	[INFO]	(client.py:162)_bot_login	[botpy] 登录机器人账号中...
2024-02-20 12:23:07,718	[INFO]	(robot.py:65)update_access_token	[botpy] access_token expires_in 1138
2024-02-20 12:23:08,354	[INFO]	(client.py:181)_bot_init	[botpy] 程序启动...
2024-02-20 12:23:08,354	[INFO]	(connection.py:60)multi_run	[botpy] 最大并发连接数: 1, 启动会话数: 1
2024-02-20 12:23:08,354	[INFO]	(client.py:242)bot_connect	[botpy] 会话启动中...
2024-02-20 12:23:08,354	[INFO]	(gateway.py:115)ws_connect	[botpy] 启动中...
2024-02-20 12:23:08,685	[INFO]	(gateway.py:142)ws_identify	[botpy] 鉴权中...
2024-02-20 12:23:08,771	[INFO]	(gateway.py:85)on_message	[botpy] 机器人「Firefly-测试中」启动成功！
2024-02-20 12:23:08,772	[INFO]	(gateway.py:223)_send_heart	[botpy] 心跳维持启动...
2024-02-20 12:23:31,924	[INFO]	(client.py:162)_bot_login	[botpy] 登录机器人账号中...
2024-02-20 12:23:32,181	[INFO]	(robot.py:65)update_access_token	[botpy] access_token expires_in 1113
2024-02-20 12:23:32,799	[INFO]	(client.py:181)_bot_init	[botpy] 程序启动...
2024-02-20 12:23:32,799	[INFO]	(connection.py:60)multi_run	[botpy] 最大并发连接数: 1, 启动会话数: 1
2024-02-20 12:23:32,799	[INFO]	(client.py:242)bot_connect	[botpy] 会话启动中...
2024-02-20 12:23:32,799	[INFO]	(gateway.py:115)ws_connect	[botpy] 启动中...
2024-02-20 12:23:32,958	[INFO]	(gateway.py:142)ws_identify	[botpy] 鉴权中...
2024-02-20 12:23:33,079	[INFO]	(gateway.py:85)on_message	[botpy] 机器人「Firefly-测试中」启动成功！
2024-02-20 12:23:33,079	[INFO]	(gateway.py:223)_send_heart	[botpy] 心跳维持启动...
2024-02-20 12:25:08,011	[INFO]	(client.py:162)_bot_login	[botpy] 登录机器人账号中...
2024-02-20 12:25:08,328	[INFO]	(robot.py:65)update_access_token	[botpy] access_token expires_in 1017
2024-02-20 12:25:08,992	[INFO]	(client.py:181)_bot_init	[botpy] 程序启动...
2024-02-20 12:25:08,993	[INFO]	(connection.py:60)multi_run	[botpy] 最大并发连接数: 1, 启动会话数: 1
2024-02-20 12:25:08,993	[INFO]	(client.py:242)bot_connect	[botpy] 会话启动中...
2024-02-20 12:25:08,993	[INFO]	(gateway.py:115)ws_connect	[botpy] 启动中...
2024-02-20 12:25:09,154	[INFO]	(gateway.py:142)ws_identify	[botpy] 鉴权中...
2024-02-20 12:25:09,234	[INFO]	(gateway.py:85)on_message	[botpy] 机器人「Firefly-测试中」启动成功！
2024-02-20 12:25:09,234	[INFO]	(gateway.py:223)_send_heart	[botpy] 心跳维持启动...
2024-02-20 12:26:32,524	[INFO]	(client.py:162)_bot_login	[botpy] 登录机器人账号中...
2024-02-20 12:26:32,854	[INFO]	(robot.py:65)update_access_token	[botpy] access_token expires_in 932
2024-02-20 12:26:33,524	[INFO]	(client.py:181)_bot_init	[botpy] 程序启动...
2024-02-20 12:26:33,524	[INFO]	(connection.py:60)multi_run	[botpy] 最大并发连接数: 1, 启动会话数: 1
2024-02-20 12:26:33,524	[INFO]	(client.py:242)bot_connect	[botpy] 会话启动中...
2024-02-20 12:26:33,524	[INFO]	(gateway.py:115)ws_connect	[botpy] 启动中...
2024-02-20 12:26:34,816	[INFO]	(gateway.py:142)ws_identify	[botpy] 鉴权中...
2024-02-20 12:26:34,940	[INFO]	(gateway.py:85)on_message	[botpy] 机器人「Firefly-测试中」启动成功！
2024-02-20 12:26:34,941	[INFO]	(gateway.py:223)_send_heart	[botpy] 心跳维持启动...
2024-02-20 12:28:09,458	[INFO]	(client.py:162)_bot_login	[botpy] 登录机器人账号中...
2024-02-20 12:28:09,764	[INFO]	(robot.py:65)update_access_token	[botpy] access_token expires_in 835
2024-02-20 12:28:10,421	[INFO]	(client.py:181)_bot_init	[botpy] 程序启动...
2024-02-20 12:28:10,422	[INFO]	(connection.py:60)multi_run	[botpy] 最大并发连接数: 1, 启动会话数: 1
2024-02-20 12:28:10,422	[INFO]	(client.py:242)bot_connect	[botpy] 会话启动中...
2024-02-20 12:28:10,422	[INFO]	(gateway.py:115)ws_connect	[botpy] 启动中...
2024-02-20 12:28:10,754	[INFO]	(gateway.py:142)ws_identify	[botpy] 鉴权中...
2024-02-20 12:28:10,839	[INFO]	(gateway.py:85)on_message	[botpy] 机器人「Firefly-测试中」启动成功！
2024-02-20 12:28:10,839	[INFO]	(gateway.py:223)_send_heart	[botpy] 心跳维持启动...
2024-02-20 12:28:24,012	[INFO]	(client.py:162)_bot_login	[botpy] 登录机器人账号中...
2024-02-20 12:28:24,322	[INFO]	(robot.py:65)update_access_token	[botpy] access_token expires_in 821
2024-02-20 12:28:24,976	[INFO]	(client.py:181)_bot_init	[botpy] 程序启动...
2024-02-20 12:28:24,976	[INFO]	(connection.py:60)multi_run	[botpy] 最大并发连接数: 1, 启动会话数: 1
2024-02-20 12:28:24,976	[INFO]	(client.py:242)bot_connect	[botpy] 会话启动中...
2024-02-20 12:28:24,977	[INFO]	(gateway.py:115)ws_connect	[botpy] 启动中...
2024-02-20 12:28:25,136	[INFO]	(gateway.py:142)ws_identify	[botpy] 鉴权中...
2024-02-20 12:28:25,215	[INFO]	(gateway.py:85)on_message	[botpy] 机器人「Firefly-测试中」启动成功！
2024-02-20 12:28:25,215	[INFO]	(gateway.py:223)_send_heart	[botpy] 心跳维持启动...
2024-02-20 12:58:25,116	[INFO]	(gateway.py:56)on_closed	[botpy] 关闭, 返回码: 4009, 返回信息: Session timed out
2024-02-20 12:58:25,116	[INFO]	(gateway.py:134)ws_connect	[botpy] ws关闭, 停止接收消息!
2024-02-20 12:58:30,118	[INFO]	(connection.py:60)multi_run	[botpy] 最大并发连接数: 1, 启动会话数: 1
2024-02-20 12:58:30,118	[INFO]	(client.py:242)bot_connect	[botpy] 会话启动中...
2024-02-20 12:58:30,118	[INFO]	(gateway.py:115)ws_connect	[botpy] 启动中...
2024-02-20 12:58:30,450	[INFO]	(gateway.py:175)ws_resume	[botpy] 重连启动...
2024-02-20 12:58:30,749	[INFO]	(robot.py:65)update_access_token	[botpy] access_token expires_in 6216
2024-02-20 12:58:30,829	[INFO]	(gateway.py:90)on_message	[botpy] 机器人重连成功! 
2024-02-20 12:58:30,829	[INFO]	(gateway.py:223)_send_heart	[botpy] 心跳维持启动...
2024-02-20 13:09:22,873	[INFO]	(client.py:162)_bot_login	[botpy] 登录机器人账号中...
2024-02-20 13:09:23,188	[INFO]	(robot.py:65)update_access_token	[botpy] access_token expires_in 5564
2024-02-20 13:09:23,847	[INFO]	(client.py:181)_bot_init	[botpy] 程序启动...
2024-02-20 13:09:23,847	[INFO]	(connection.py:60)multi_run	[botpy] 最大并发连接数: 1, 启动会话数: 1
2024-02-20 13:09:23,847	[INFO]	(client.py:242)bot_connect	[botpy] 会话启动中...
2024-02-20 13:09:23,847	[INFO]	(gateway.py:115)ws_connect	[botpy] 启动中...
2024-02-20 13:09:24,000	[INFO]	(gateway.py:142)ws_identify	[botpy] 鉴权中...
2024-02-20 13:09:24,102	[INFO]	(gateway.py:85)on_message	[botpy] 机器人「Firefly-测试中」启动成功！
2024-02-20 13:09:24,102	[INFO]	(gateway.py:223)_send_heart	[botpy] 心跳维持启动...
2024-02-20 13:10:30,192	[INFO]	(client.py:162)_bot_login	[botpy] 登录机器人账号中...
2024-02-20 13:10:30,480	[INFO]	(robot.py:65)update_access_token	[botpy] access_token expires_in 5497
2024-02-20 13:10:31,130	[INFO]	(client.py:181)_bot_init	[botpy] 程序启动...
2024-02-20 13:10:31,131	[INFO]	(connection.py:60)multi_run	[botpy] 最大并发连接数: 1, 启动会话数: 1
2024-02-20 13:10:31,131	[INFO]	(client.py:242)bot_connect	[botpy] 会话启动中...
2024-02-20 13:10:31,131	[INFO]	(gateway.py:115)ws_connect	[botpy] 启动中...
2024-02-20 13:10:31,291	[INFO]	(gateway.py:142)ws_identify	[botpy] 鉴权中...
2024-02-20 13:10:31,387	[INFO]	(gateway.py:85)on_message	[botpy] 机器人「Firefly-测试中」启动成功！
2024-02-20 13:10:31,387	[INFO]	(gateway.py:223)_send_heart	[botpy] 心跳维持启动...
2024-02-20 13:10:44,020	[INFO]	(client.py:162)_bot_login	[botpy] 登录机器人账号中...
2024-02-20 13:10:44,304	[INFO]	(robot.py:65)update_access_token	[botpy] access_token expires_in 5483
2024-02-20 13:10:44,938	[INFO]	(client.py:181)_bot_init	[botpy] 程序启动...
2024-02-20 13:10:44,938	[INFO]	(connection.py:60)multi_run	[botpy] 最大并发连接数: 1, 启动会话数: 1
2024-02-20 13:10:44,938	[INFO]	(client.py:242)bot_connect	[botpy] 会话启动中...
2024-02-20 13:10:44,938	[INFO]	(gateway.py:115)ws_connect	[botpy] 启动中...
2024-02-20 13:10:45,100	[INFO]	(gateway.py:142)ws_identify	[botpy] 鉴权中...
2024-02-20 13:10:45,182	[INFO]	(gateway.py:85)on_message	[botpy] 机器人「Firefly-测试中」启动成功！
2024-02-20 13:10:45,183	[INFO]	(gateway.py:223)_send_heart	[botpy] 心跳维持启动...
2024-02-20 13:13:24,904	[INFO]	(client.py:162)_bot_login	[botpy] 登录机器人账号中...
2024-02-20 13:13:25,238	[INFO]	(robot.py:65)update_access_token	[botpy] access_token expires_in 5322
2024-02-20 13:13:25,899	[INFO]	(client.py:181)_bot_init	[botpy] 程序启动...
2024-02-20 13:13:25,899	[INFO]	(connection.py:60)multi_run	[botpy] 最大并发连接数: 1, 启动会话数: 1
2024-02-20 13:13:25,899	[INFO]	(client.py:242)bot_connect	[botpy] 会话启动中...
2024-02-20 13:13:25,899	[INFO]	(gateway.py:115)ws_connect	[botpy] 启动中...
2024-02-20 13:13:26,056	[INFO]	(gateway.py:142)ws_identify	[botpy] 鉴权中...
2024-02-20 13:13:26,142	[INFO]	(gateway.py:85)on_message	[botpy] 机器人「Firefly-测试中」启动成功！
2024-02-20 13:13:26,142	[INFO]	(gateway.py:223)_send_heart	[botpy] 心跳维持启动...
2024-02-20 13:14:13,113	[INFO]	(client.py:162)_bot_login	[botpy] 登录机器人账号中...
2024-02-20 13:14:13,438	[INFO]	(robot.py:65)update_access_token	[botpy] access_token expires_in 5274
2024-02-20 13:14:14,065	[INFO]	(client.py:181)_bot_init	[botpy] 程序启动...
2024-02-20 13:14:14,065	[INFO]	(connection.py:60)multi_run	[botpy] 最大并发连接数: 1, 启动会话数: 1
2024-02-20 13:14:14,065	[INFO]	(client.py:242)bot_connect	[botpy] 会话启动中...
2024-02-20 13:14:14,065	[INFO]	(gateway.py:115)ws_connect	[botpy] 启动中...
2024-02-20 13:14:14,224	[INFO]	(gateway.py:142)ws_identify	[botpy] 鉴权中...
2024-02-20 13:14:14,308	[INFO]	(gateway.py:85)on_message	[botpy] 机器人「Firefly-测试中」启动成功！
2024-02-20 13:14:14,308	[INFO]	(gateway.py:223)_send_heart	[botpy] 心跳维持启动...
2024-02-20 13:15:47,490	[INFO]	(client.py:162)_bot_login	[botpy] 登录机器人账号中...
2024-02-20 13:15:47,806	[INFO]	(robot.py:65)update_access_token	[botpy] access_token expires_in 5179
2024-02-20 13:15:48,460	[INFO]	(client.py:181)_bot_init	[botpy] 程序启动...
2024-02-20 13:15:48,460	[INFO]	(connection.py:60)multi_run	[botpy] 最大并发连接数: 1, 启动会话数: 1
2024-02-20 13:15:48,460	[INFO]	(client.py:242)bot_connect	[botpy] 会话启动中...
2024-02-20 13:15:48,460	[INFO]	(gateway.py:115)ws_connect	[botpy] 启动中...
2024-02-20 13:15:48,781	[INFO]	(gateway.py:142)ws_identify	[botpy] 鉴权中...
2024-02-20 13:15:48,871	[INFO]	(gateway.py:85)on_message	[botpy] 机器人「Firefly-测试中」启动成功！
2024-02-20 13:15:48,871	[INFO]	(gateway.py:223)_send_heart	[botpy] 心跳维持启动...
2024-02-20 13:19:41,244	[INFO]	(client.py:162)_bot_login	[botpy] 登录机器人账号中...
2024-02-20 13:19:41,532	[INFO]	(robot.py:65)update_access_token	[botpy] access_token expires_in 4945
2024-02-20 13:19:42,165	[INFO]	(client.py:181)_bot_init	[botpy] 程序启动...
2024-02-20 13:19:42,165	[INFO]	(connection.py:60)multi_run	[botpy] 最大并发连接数: 1, 启动会话数: 1
2024-02-20 13:19:42,166	[INFO]	(client.py:242)bot_connect	[botpy] 会话启动中...
2024-02-20 13:19:42,166	[INFO]	(gateway.py:115)ws_connect	[botpy] 启动中...
2024-02-20 13:19:42,322	[INFO]	(gateway.py:142)ws_identify	[botpy] 鉴权中...
2024-02-20 13:19:42,427	[INFO]	(gateway.py:85)on_message	[botpy] 机器人「Firefly-测试中」启动成功！
2024-02-20 13:19:42,428	[INFO]	(gateway.py:223)_send_heart	[botpy] 心跳维持启动...
2024-02-20 13:20:33,024	[INFO]	(client.py:162)_bot_login	[botpy] 登录机器人账号中...
2024-02-20 13:20:33,350	[INFO]	(robot.py:65)update_access_token	[botpy] access_token expires_in 4894
2024-02-20 13:20:33,983	[INFO]	(client.py:181)_bot_init	[botpy] 程序启动...
2024-02-20 13:20:33,983	[INFO]	(connection.py:60)multi_run	[botpy] 最大并发连接数: 1, 启动会话数: 1
2024-02-20 13:20:33,984	[INFO]	(client.py:242)bot_connect	[botpy] 会话启动中...
2024-02-20 13:20:33,984	[INFO]	(gateway.py:115)ws_connect	[botpy] 启动中...
2024-02-20 13:20:34,147	[INFO]	(gateway.py:142)ws_identify	[botpy] 鉴权中...
2024-02-20 13:20:34,243	[INFO]	(gateway.py:85)on_message	[botpy] 机器人「Firefly-测试中」启动成功！
2024-02-20 13:20:34,243	[INFO]	(gateway.py:223)_send_heart	[botpy] 心跳维持启动...
2024-02-20 13:21:01,264	[INFO]	(client.py:162)_bot_login	[botpy] 登录机器人账号中...
2024-02-20 13:21:01,588	[INFO]	(robot.py:65)update_access_token	[botpy] access_token expires_in 4865
2024-02-20 13:21:02,220	[INFO]	(client.py:181)_bot_init	[botpy] 程序启动...
2024-02-20 13:21:02,220	[INFO]	(connection.py:60)multi_run	[botpy] 最大并发连接数: 1, 启动会话数: 1
2024-02-20 13:21:02,220	[INFO]	(client.py:242)bot_connect	[botpy] 会话启动中...
2024-02-20 13:21:02,220	[INFO]	(gateway.py:115)ws_connect	[botpy] 启动中...
2024-02-20 13:21:02,372	[INFO]	(gateway.py:142)ws_identify	[botpy] 鉴权中...
2024-02-20 13:21:02,464	[INFO]	(gateway.py:85)on_message	[botpy] 机器人「Firefly-测试中」启动成功！
2024-02-20 13:21:02,464	[INFO]	(gateway.py:223)_send_heart	[botpy] 心跳维持启动...
2024-02-20 13:22:01,327	[INFO]	(client.py:162)_bot_login	[botpy] 登录机器人账号中...
2024-02-20 13:22:01,635	[INFO]	(robot.py:65)update_access_token	[botpy] access_token expires_in 4805
2024-02-20 13:22:02,292	[INFO]	(client.py:181)_bot_init	[botpy] 程序启动...
2024-02-20 13:22:02,292	[INFO]	(connection.py:60)multi_run	[botpy] 最大并发连接数: 1, 启动会话数: 1
2024-02-20 13:22:02,293	[INFO]	(client.py:242)bot_connect	[botpy] 会话启动中...
2024-02-20 13:22:02,293	[INFO]	(gateway.py:115)ws_connect	[botpy] 启动中...
2024-02-20 13:22:02,452	[INFO]	(gateway.py:142)ws_identify	[botpy] 鉴权中...
2024-02-20 13:22:02,554	[INFO]	(gateway.py:85)on_message	[botpy] 机器人「Firefly-测试中」启动成功！
2024-02-20 13:22:02,554	[INFO]	(gateway.py:223)_send_heart	[botpy] 心跳维持启动...
2024-02-20 13:22:33,526	[INFO]	(client.py:162)_bot_login	[botpy] 登录机器人账号中...
2024-02-20 13:22:33,812	[INFO]	(robot.py:65)update_access_token	[botpy] access_token expires_in 4773
2024-02-20 13:22:34,442	[INFO]	(client.py:181)_bot_init	[botpy] 程序启动...
2024-02-20 13:22:34,443	[INFO]	(connection.py:60)multi_run	[botpy] 最大并发连接数: 1, 启动会话数: 1
2024-02-20 13:22:34,443	[INFO]	(client.py:242)bot_connect	[botpy] 会话启动中...
2024-02-20 13:22:34,443	[INFO]	(gateway.py:115)ws_connect	[botpy] 启动中...
2024-02-20 13:22:34,776	[INFO]	(gateway.py:142)ws_identify	[botpy] 鉴权中...
2024-02-20 13:22:34,880	[INFO]	(gateway.py:85)on_message	[botpy] 机器人「Firefly-测试中」启动成功！
2024-02-20 13:22:34,881	[INFO]	(gateway.py:223)_send_heart	[botpy] 心跳维持启动...
2024-02-20 13:22:55,949	[INFO]	(client.py:162)_bot_login	[botpy] 登录机器人账号中...
2024-02-20 13:22:56,274	[INFO]	(robot.py:65)update_access_token	[botpy] access_token expires_in 4751
2024-02-20 13:22:56,896	[INFO]	(client.py:181)_bot_init	[botpy] 程序启动...
2024-02-20 13:22:56,897	[INFO]	(connection.py:60)multi_run	[botpy] 最大并发连接数: 1, 启动会话数: 1
2024-02-20 13:22:56,897	[INFO]	(client.py:242)bot_connect	[botpy] 会话启动中...
2024-02-20 13:22:56,897	[INFO]	(gateway.py:115)ws_connect	[botpy] 启动中...
2024-02-20 13:22:57,057	[INFO]	(gateway.py:142)ws_identify	[botpy] 鉴权中...
2024-02-20 13:22:57,135	[INFO]	(gateway.py:85)on_message	[botpy] 机器人「Firefly-测试中」启动成功！
2024-02-20 13:22:57,135	[INFO]	(gateway.py:223)_send_heart	[botpy] 心跳维持启动...
2024-02-20 13:23:25,959	[INFO]	(client.py:162)_bot_login	[botpy] 登录机器人账号中...
2024-02-20 13:23:26,274	[INFO]	(robot.py:65)update_access_token	[botpy] access_token expires_in 4721
2024-02-20 13:23:26,895	[INFO]	(client.py:181)_bot_init	[botpy] 程序启动...
2024-02-20 13:23:26,895	[INFO]	(connection.py:60)multi_run	[botpy] 最大并发连接数: 1, 启动会话数: 1
2024-02-20 13:23:26,895	[INFO]	(client.py:242)bot_connect	[botpy] 会话启动中...
2024-02-20 13:23:26,895	[INFO]	(gateway.py:115)ws_connect	[botpy] 启动中...
2024-02-20 13:23:27,061	[INFO]	(gateway.py:142)ws_identify	[botpy] 鉴权中...
2024-02-20 13:23:27,184	[INFO]	(gateway.py:85)on_message	[botpy] 机器人「Firefly-测试中」启动成功！
2024-02-20 13:23:27,184	[INFO]	(gateway.py:223)_send_heart	[botpy] 心跳维持启动...
2024-02-20 13:23:43,997	[INFO]	(client.py:162)_bot_login	[botpy] 登录机器人账号中...
2024-02-20 13:23:44,298	[INFO]	(robot.py:65)update_access_token	[botpy] access_token expires_in 4703
2024-02-20 13:23:44,943	[INFO]	(client.py:181)_bot_init	[botpy] 程序启动...
2024-02-20 13:23:44,943	[INFO]	(connection.py:60)multi_run	[botpy] 最大并发连接数: 1, 启动会话数: 1
2024-02-20 13:23:44,945	[INFO]	(client.py:242)bot_connect	[botpy] 会话启动中...
2024-02-20 13:23:44,945	[INFO]	(gateway.py:115)ws_connect	[botpy] 启动中...
2024-02-20 13:23:45,110	[INFO]	(gateway.py:142)ws_identify	[botpy] 鉴权中...
2024-02-20 13:23:45,190	[INFO]	(gateway.py:85)on_message	[botpy] 机器人「Firefly-测试中」启动成功！
2024-02-20 13:23:45,191	[INFO]	(gateway.py:223)_send_heart	[botpy] 心跳维持启动...
2024-02-20 13:24:48,433	[INFO]	(client.py:162)_bot_login	[botpy] 登录机器人账号中...
2024-02-20 13:24:48,752	[INFO]	(robot.py:65)update_access_token	[botpy] access_token expires_in 4638
2024-02-20 13:24:49,404	[INFO]	(client.py:181)_bot_init	[botpy] 程序启动...
2024-02-20 13:24:49,404	[INFO]	(connection.py:60)multi_run	[botpy] 最大并发连接数: 1, 启动会话数: 1
2024-02-20 13:24:49,405	[INFO]	(client.py:242)bot_connect	[botpy] 会话启动中...
2024-02-20 13:24:49,405	[INFO]	(gateway.py:115)ws_connect	[botpy] 启动中...
2024-02-20 13:24:49,739	[INFO]	(gateway.py:142)ws_identify	[botpy] 鉴权中...
2024-02-20 13:24:49,837	[INFO]	(gateway.py:85)on_message	[botpy] 机器人「Firefly-测试中」启动成功！
2024-02-20 13:24:49,837	[INFO]	(gateway.py:223)_send_heart	[botpy] 心跳维持启动...
2024-02-20 13:25:37,552	[INFO]	(client.py:162)_bot_login	[botpy] 登录机器人账号中...
2024-02-20 13:25:37,878	[INFO]	(robot.py:65)update_access_token	[botpy] access_token expires_in 4589
2024-02-20 13:25:38,527	[INFO]	(client.py:181)_bot_init	[botpy] 程序启动...
2024-02-20 13:25:38,527	[INFO]	(connection.py:60)multi_run	[botpy] 最大并发连接数: 1, 启动会话数: 1
2024-02-20 13:25:38,527	[INFO]	(client.py:242)bot_connect	[botpy] 会话启动中...
2024-02-20 13:25:38,528	[INFO]	(gateway.py:115)ws_connect	[botpy] 启动中...
2024-02-20 13:25:38,827	[INFO]	(gateway.py:142)ws_identify	[botpy] 鉴权中...
2024-02-20 13:25:38,914	[INFO]	(gateway.py:85)on_message	[botpy] 机器人「Firefly-测试中」启动成功！
2024-02-20 13:25:38,915	[INFO]	(gateway.py:223)_send_heart	[botpy] 心跳维持启动...
2024-02-20 13:25:58,258	[INFO]	(client.py:162)_bot_login	[botpy] 登录机器人账号中...
2024-02-20 13:25:58,578	[INFO]	(robot.py:65)update_access_token	[botpy] access_token expires_in 4568
2024-02-20 13:25:59,172	[INFO]	(client.py:181)_bot_init	[botpy] 程序启动...
2024-02-20 13:25:59,172	[INFO]	(connection.py:60)multi_run	[botpy] 最大并发连接数: 1, 启动会话数: 1
2024-02-20 13:25:59,172	[INFO]	(client.py:242)bot_connect	[botpy] 会话启动中...
2024-02-20 13:25:59,172	[INFO]	(gateway.py:115)ws_connect	[botpy] 启动中...
2024-02-20 13:25:59,336	[INFO]	(gateway.py:142)ws_identify	[botpy] 鉴权中...
2024-02-20 13:25:59,424	[INFO]	(gateway.py:85)on_message	[botpy] 机器人「Firefly-测试中」启动成功！
2024-02-20 13:25:59,425	[INFO]	(gateway.py:223)_send_heart	[botpy] 心跳维持启动...
2024-02-20 13:26:29,070	[INFO]	(client.py:162)_bot_login	[botpy] 登录机器人账号中...
2024-02-20 13:26:29,402	[INFO]	(robot.py:65)update_access_token	[botpy] access_token expires_in 4538
2024-02-20 13:26:30,028	[INFO]	(client.py:181)_bot_init	[botpy] 程序启动...
2024-02-20 13:26:30,029	[INFO]	(connection.py:60)multi_run	[botpy] 最大并发连接数: 1, 启动会话数: 1
2024-02-20 13:26:30,029	[INFO]	(client.py:242)bot_connect	[botpy] 会话启动中...
2024-02-20 13:26:30,029	[INFO]	(gateway.py:115)ws_connect	[botpy] 启动中...
2024-02-20 13:26:30,200	[INFO]	(gateway.py:142)ws_identify	[botpy] 鉴权中...
2024-02-20 13:26:30,280	[INFO]	(gateway.py:85)on_message	[botpy] 机器人「Firefly-测试中」启动成功！
2024-02-20 13:26:30,280	[INFO]	(gateway.py:223)_send_heart	[botpy] 心跳维持启动...
2024-02-20 13:38:24,898	[INFO]	(client.py:162)_bot_login	[botpy] 登录机器人账号中...
2024-02-20 13:38:25,216	[INFO]	(robot.py:65)update_access_token	[botpy] access_token expires_in 3822
2024-02-20 13:38:25,886	[INFO]	(client.py:181)_bot_init	[botpy] 程序启动...
2024-02-20 13:38:25,886	[INFO]	(connection.py:60)multi_run	[botpy] 最大并发连接数: 1, 启动会话数: 1
2024-02-20 13:38:25,886	[INFO]	(client.py:242)bot_connect	[botpy] 会话启动中...
2024-02-20 13:38:25,886	[INFO]	(gateway.py:115)ws_connect	[botpy] 启动中...
2024-02-20 13:38:26,042	[INFO]	(gateway.py:142)ws_identify	[botpy] 鉴权中...
2024-02-20 13:38:26,145	[INFO]	(gateway.py:85)on_message	[botpy] 机器人「Firefly-测试中」启动成功！
2024-02-20 13:38:26,145	[INFO]	(gateway.py:223)_send_heart	[botpy] 心跳维持启动...
2024-02-20 13:39:26,753	[INFO]	(client.py:162)_bot_login	[botpy] 登录机器人账号中...
2024-02-20 13:39:27,041	[INFO]	(robot.py:65)update_access_token	[botpy] access_token expires_in 3760
2024-02-20 13:39:27,670	[INFO]	(client.py:181)_bot_init	[botpy] 程序启动...
2024-02-20 13:39:27,670	[INFO]	(connection.py:60)multi_run	[botpy] 最大并发连接数: 1, 启动会话数: 1
2024-02-20 13:39:27,670	[INFO]	(client.py:242)bot_connect	[botpy] 会话启动中...
2024-02-20 13:39:27,670	[INFO]	(gateway.py:115)ws_connect	[botpy] 启动中...
2024-02-20 13:39:27,970	[INFO]	(gateway.py:142)ws_identify	[botpy] 鉴权中...
2024-02-20 13:39:28,099	[INFO]	(gateway.py:85)on_message	[botpy] 机器人「Firefly-测试中」启动成功！
2024-02-20 13:39:28,099	[INFO]	(gateway.py:223)_send_heart	[botpy] 心跳维持启动...
2024-02-20 13:43:39,744	[INFO]	(client.py:162)_bot_login	[botpy] 登录机器人账号中...
2024-02-20 13:43:40,056	[INFO]	(robot.py:65)update_access_token	[botpy] access_token expires_in 3507
2024-02-20 13:43:40,731	[INFO]	(client.py:181)_bot_init	[botpy] 程序启动...
2024-02-20 13:43:40,731	[INFO]	(connection.py:60)multi_run	[botpy] 最大并发连接数: 1, 启动会话数: 1
2024-02-20 13:43:40,731	[INFO]	(client.py:242)bot_connect	[botpy] 会话启动中...
2024-02-20 13:43:40,731	[INFO]	(gateway.py:115)ws_connect	[botpy] 启动中...
2024-02-20 13:43:41,024	[INFO]	(gateway.py:142)ws_identify	[botpy] 鉴权中...
2024-02-20 13:43:41,106	[INFO]	(gateway.py:85)on_message	[botpy] 机器人「Firefly-测试中」启动成功！
2024-02-20 13:43:41,106	[INFO]	(gateway.py:223)_send_heart	[botpy] 心跳维持启动...
2024-02-20 13:47:06,419	[INFO]	(client.py:162)_bot_login	[botpy] 登录机器人账号中...
2024-02-20 13:47:06,725	[INFO]	(robot.py:65)update_access_token	[botpy] access_token expires_in 3300
2024-02-20 13:47:07,363	[INFO]	(client.py:181)_bot_init	[botpy] 程序启动...
2024-02-20 13:47:07,363	[INFO]	(connection.py:60)multi_run	[botpy] 最大并发连接数: 1, 启动会话数: 1
2024-02-20 13:47:07,363	[INFO]	(client.py:242)bot_connect	[botpy] 会话启动中...
2024-02-20 13:47:07,363	[INFO]	(gateway.py:115)ws_connect	[botpy] 启动中...
2024-02-20 13:47:07,689	[INFO]	(gateway.py:142)ws_identify	[botpy] 鉴权中...
2024-02-20 13:47:07,777	[INFO]	(gateway.py:85)on_message	[botpy] 机器人「Firefly-测试中」启动成功！
2024-02-20 13:47:07,778	[INFO]	(gateway.py:223)_send_heart	[botpy] 心跳维持启动...
2024-02-20 13:56:02,316	[INFO]	(client.py:162)_bot_login	[botpy] 登录机器人账号中...
2024-02-20 13:56:02,634	[INFO]	(robot.py:65)update_access_token	[botpy] access_token expires_in 2764
2024-02-20 13:56:03,296	[INFO]	(client.py:181)_bot_init	[botpy] 程序启动...
2024-02-20 13:56:03,296	[INFO]	(connection.py:60)multi_run	[botpy] 最大并发连接数: 1, 启动会话数: 1
2024-02-20 13:56:03,297	[INFO]	(client.py:242)bot_connect	[botpy] 会话启动中...
2024-02-20 13:56:03,297	[INFO]	(gateway.py:115)ws_connect	[botpy] 启动中...
2024-02-20 13:56:03,455	[INFO]	(gateway.py:142)ws_identify	[botpy] 鉴权中...
2024-02-20 13:56:03,571	[INFO]	(gateway.py:85)on_message	[botpy] 机器人「Firefly-测试中」启动成功！
2024-02-20 13:56:03,571	[INFO]	(gateway.py:223)_send_heart	[botpy] 心跳维持启动...
2024-02-20 13:57:29,595	[INFO]	(client.py:162)_bot_login	[botpy] 登录机器人账号中...
2024-02-20 13:57:29,896	[INFO]	(robot.py:65)update_access_token	[botpy] access_token expires_in 2677
2024-02-20 13:57:30,574	[INFO]	(client.py:181)_bot_init	[botpy] 程序启动...
2024-02-20 13:57:30,575	[INFO]	(connection.py:60)multi_run	[botpy] 最大并发连接数: 1, 启动会话数: 1
2024-02-20 13:57:30,575	[INFO]	(client.py:242)bot_connect	[botpy] 会话启动中...
2024-02-20 13:57:30,575	[INFO]	(gateway.py:115)ws_connect	[botpy] 启动中...
2024-02-20 13:57:30,867	[INFO]	(gateway.py:142)ws_identify	[botpy] 鉴权中...
2024-02-20 13:57:30,951	[INFO]	(gateway.py:85)on_message	[botpy] 机器人「Firefly-测试中」启动成功！
2024-02-20 13:57:30,951	[INFO]	(gateway.py:223)_send_heart	[botpy] 心跳维持启动...
2024-02-20 13:58:16,982	[INFO]	(client.py:162)_bot_login	[botpy] 登录机器人账号中...
2024-02-20 13:58:17,309	[INFO]	(robot.py:65)update_access_token	[botpy] access_token expires_in 2630
2024-02-20 13:58:17,951	[INFO]	(client.py:181)_bot_init	[botpy] 程序启动...
2024-02-20 13:58:17,951	[INFO]	(connection.py:60)multi_run	[botpy] 最大并发连接数: 1, 启动会话数: 1
2024-02-20 13:58:17,953	[INFO]	(client.py:242)bot_connect	[botpy] 会话启动中...
2024-02-20 13:58:17,954	[INFO]	(gateway.py:115)ws_connect	[botpy] 启动中...
2024-02-20 13:58:18,115	[INFO]	(gateway.py:142)ws_identify	[botpy] 鉴权中...
2024-02-20 13:58:18,191	[INFO]	(gateway.py:85)on_message	[botpy] 机器人「Firefly-测试中」启动成功！
2024-02-20 13:58:18,192	[INFO]	(gateway.py:223)_send_heart	[botpy] 心跳维持启动...
2024-02-20 14:00:37,946	[INFO]	(client.py:162)_bot_login	[botpy] 登录机器人账号中...
2024-02-20 14:00:38,262	[INFO]	(robot.py:65)update_access_token	[botpy] access_token expires_in 2489
2024-02-20 14:00:38,913	[INFO]	(client.py:181)_bot_init	[botpy] 程序启动...
2024-02-20 14:00:38,913	[INFO]	(connection.py:60)multi_run	[botpy] 最大并发连接数: 1, 启动会话数: 1
2024-02-20 14:00:38,913	[INFO]	(client.py:242)bot_connect	[botpy] 会话启动中...
2024-02-20 14:00:38,914	[INFO]	(gateway.py:115)ws_connect	[botpy] 启动中...
2024-02-20 14:00:39,073	[INFO]	(gateway.py:142)ws_identify	[botpy] 鉴权中...
2024-02-20 14:00:39,168	[INFO]	(gateway.py:85)on_message	[botpy] 机器人「Firefly-测试中」启动成功！
2024-02-20 14:00:39,168	[INFO]	(gateway.py:223)_send_heart	[botpy] 心跳维持启动...
2024-02-20 14:06:18,190	[INFO]	(client.py:162)_bot_login	[botpy] 登录机器人账号中...
2024-02-20 14:06:18,486	[INFO]	(robot.py:65)update_access_token	[botpy] access_token expires_in 2149
2024-02-20 14:06:19,121	[INFO]	(client.py:181)_bot_init	[botpy] 程序启动...
2024-02-20 14:06:19,121	[INFO]	(connection.py:60)multi_run	[botpy] 最大并发连接数: 1, 启动会话数: 1
2024-02-20 14:06:19,121	[INFO]	(client.py:242)bot_connect	[botpy] 会话启动中...
2024-02-20 14:06:19,121	[INFO]	(gateway.py:115)ws_connect	[botpy] 启动中...
2024-02-20 14:06:19,280	[INFO]	(gateway.py:142)ws_identify	[botpy] 鉴权中...
2024-02-20 14:06:19,398	[INFO]	(gateway.py:85)on_message	[botpy] 机器人「Firefly-测试中」启动成功！
2024-02-20 14:06:19,398	[INFO]	(gateway.py:223)_send_heart	[botpy] 心跳维持启动...
